[ 2016-02-01T08:44:30+08:00 ]EXCEPTION: SELECT  *  FROM order ;BindParams:array (
)42000;1064;You have an error in your SQL syntax; check the manual that corresponds to your MySQL server version for the right syntax to use near 'order' at line 1
[ 2016-02-01T08:44:31+08:00 ]EXCEPTION: SELECT  *  FROM order ;BindParams:array (
)42000;1064;You have an error in your SQL syntax; check the manual that corresponds to your MySQL server version for the right syntax to use near 'order' at line 1
[ 2016-02-01T08:44:37+08:00 ]EXCEPTION: SELECT  *  FROM order ;BindParams:array (
)42000;1064;You have an error in your SQL syntax; check the manual that corresponds to your MySQL server version for the right syntax to use near 'order' at line 1
[ 2016-02-01T08:44:38+08:00 ]EXCEPTION: SELECT  *  FROM order ;BindParams:array (
)42000;1064;You have an error in your SQL syntax; check the manual that corresponds to your MySQL server version for the right syntax to use near 'order' at line 1
[ 2016-02-01T08:44:38+08:00 ]EXCEPTION: SELECT  *  FROM order ;BindParams:array (
)42000;1064;You have an error in your SQL syntax; check the manual that corresponds to your MySQL server version for the right syntax to use near 'order' at line 1
[ 2016-02-01T08:44:39+08:00 ]EXCEPTION: SELECT  *  FROM order ;BindParams:array (
)42000;1064;You have an error in your SQL syntax; check the manual that corresponds to your MySQL server version for the right syntax to use near 'order' at line 1
[ 2016-02-01T08:44:39+08:00 ]EXCEPTION: SELECT  *  FROM order ;BindParams:array (
)42000;1064;You have an error in your SQL syntax; check the manual that corresponds to your MySQL server version for the right syntax to use near 'order' at line 1
[ 2016-02-01T08:44:40+08:00 ]EXCEPTION: SELECT  *  FROM order ;BindParams:array (
)42000;1064;You have an error in your SQL syntax; check the manual that corresponds to your MySQL server version for the right syntax to use near 'order' at line 1
[ 2016-02-01T08:51:20+08:00 ]EXCEPTION: SELECT  *  FROM order ;BindParams:array (
)42000;1064;You have an error in your SQL syntax; check the manual that corresponds to your MySQL server version for the right syntax to use near 'order' at line 1
[ 2016-02-01T08:52:41+08:00 ]EXCEPTION: SELECT  *  FROM order ;BindParams:array (
)42000;1064;You have an error in your SQL syntax; check the manual that corresponds to your MySQL server version for the right syntax to use near 'order' at line 1
[ 2016-02-01T09:32:18+08:00 ]EXCEPTION: INSERT INTO Morder_list (`seld_num`,`info`,`total_price`,`goods_gid`,`morder_oid`)VALUES(?,?,?,?,?) ;BindParams:array (
  0 => '1',
  1 => '绿,34',
  2 => 100,
  3 => '52',
  4 => '3',
)42S22;1054;Unknown column 'morder_oid' in 'field list'
[ 2016-02-01T10:31:44+08:00 ]NOTICE: Undefined variable: nums/Applications/MAMP/htdocs/houdun/mogujie/Storage/view/compile/2de049ed93926d6670b5e788c68c3e51.php (166).
[ 2016-02-01T10:31:44+08:00 ]NOTICE: Undefined variable: all_m/Applications/MAMP/htdocs/houdun/mogujie/Storage/view/compile/2de049ed93926d6670b5e788c68c3e51.php (238).
[ 2016-02-01T10:31:44+08:00 ]NOTICE: Undefined variable: nums/Applications/MAMP/htdocs/houdun/mogujie/Storage/view/compile/2de049ed93926d6670b5e788c68c3e51.php (240).
[ 2016-02-01T20:11:56+08:00 ]NOTICE: Undefined variable: nums/Applications/MAMP/htdocs/houdun/mogujie/Storage/view/compile/2de049ed93926d6670b5e788c68c3e51.php (161).
[ 2016-02-01T20:11:56+08:00 ]NOTICE: Undefined variable: all_m/Applications/MAMP/htdocs/houdun/mogujie/Storage/view/compile/2de049ed93926d6670b5e788c68c3e51.php (233).
[ 2016-02-01T20:11:56+08:00 ]NOTICE: Undefined variable: nums/Applications/MAMP/htdocs/houdun/mogujie/Storage/view/compile/2de049ed93926d6670b5e788c68c3e51.php (235).
[ 2016-02-01T21:37:12+08:00 ]NOTICE: Undefined variable: nums/Applications/MAMP/htdocs/houdun/mogujie/Storage/view/compile/2de049ed93926d6670b5e788c68c3e51.php (161).
[ 2016-02-01T21:37:12+08:00 ]NOTICE: Undefined variable: all_m/Applications/MAMP/htdocs/houdun/mogujie/Storage/view/compile/2de049ed93926d6670b5e788c68c3e51.php (233).
[ 2016-02-01T21:37:12+08:00 ]NOTICE: Undefined variable: nums/Applications/MAMP/htdocs/houdun/mogujie/Storage/view/compile/2de049ed93926d6670b5e788c68c3e51.php (235).
[ 2016-02-01T22:33:42+08:00 ]NOTICE: Use of undefined constant re - assumed 're'/Applications/MAMP/htdocs/houdun/mogujie/Storage/view/compile/efa74581468cdb732c04dcf009fc01a9.php (101).
[ 2016-02-01T22:33:44+08:00 ]NOTICE: Use of undefined constant re - assumed 're'/Applications/MAMP/htdocs/houdun/mogujie/Storage/view/compile/efa74581468cdb732c04dcf009fc01a9.php (101).
[ 2016-02-01T22:35:53+08:00 ]NOTICE: Use of undefined constant re - assumed 're'/Applications/MAMP/htdocs/houdun/mogujie/Storage/view/compile/efa74581468cdb732c04dcf009fc01a9.php (101).
[ 2016-02-01T22:39:56+08:00 ]NOTICE: Use of undefined constant ddh - assumed 'ddh'/Applications/MAMP/htdocs/houdun/mogujie/App/Home/Controller/CartController.php (206).
