[ 2016-02-15T09:09:13+08:00 ]NOTICE: Undefined variable: morder/Applications/MAMP/htdocs/houdun/mogujie/Storage/view/compile/12a4c04ff32e74f90492277bf3b471de.php (35).
[ 2016-02-15T09:09:13+08:00 ]NOTICE: Invalid argument supplied for foreach()/Applications/MAMP/htdocs/houdun/mogujie/Storage/view/compile/12a4c04ff32e74f90492277bf3b471de.php (35).
[ 2016-02-15T09:09:13+08:00 ]NOTICE: Undefined variable: page/Applications/MAMP/htdocs/houdun/mogujie/Storage/view/compile/12a4c04ff32e74f90492277bf3b471de.php (49).
[ 2016-02-15T09:09:38+08:00 ]NOTICE: Undefined variable: morder/Applications/MAMP/htdocs/houdun/mogujie/Storage/view/compile/12a4c04ff32e74f90492277bf3b471de.php (35).
[ 2016-02-15T09:09:38+08:00 ]NOTICE: Invalid argument supplied for foreach()/Applications/MAMP/htdocs/houdun/mogujie/Storage/view/compile/12a4c04ff32e74f90492277bf3b471de.php (35).
[ 2016-02-15T09:09:38+08:00 ]NOTICE: Undefined variable: page/Applications/MAMP/htdocs/houdun/mogujie/Storage/view/compile/12a4c04ff32e74f90492277bf3b471de.php (49).
[ 2016-02-15T09:20:38+08:00 ]NOTICE: Undefined variable: morder/Applications/MAMP/htdocs/houdun/mogujie/Storage/view/compile/12a4c04ff32e74f90492277bf3b471de.php (35).
[ 2016-02-15T09:20:38+08:00 ]NOTICE: Invalid argument supplied for foreach()/Applications/MAMP/htdocs/houdun/mogujie/Storage/view/compile/12a4c04ff32e74f90492277bf3b471de.php (35).
[ 2016-02-15T09:20:38+08:00 ]NOTICE: Undefined variable: page/Applications/MAMP/htdocs/houdun/mogujie/Storage/view/compile/12a4c04ff32e74f90492277bf3b471de.php (49).
[ 2016-02-15T09:45:56+08:00 ]NOTICE: Undefined variable: order_num/Applications/MAMP/htdocs/houdun/mogujie/Storage/view/compile/12a4c04ff32e74f90492277bf3b471de.php (20).
[ 2016-02-15T09:46:22+08:00 ]NOTICE: Undefined variable: order_num/Applications/MAMP/htdocs/houdun/mogujie/Storage/view/compile/12a4c04ff32e74f90492277bf3b471de.php (20).
[ 2016-02-15T09:46:27+08:00 ]NOTICE: Undefined variable: order_num/Applications/MAMP/htdocs/houdun/mogujie/Storage/view/compile/12a4c04ff32e74f90492277bf3b471de.php (20).
[ 2016-02-15T09:47:05+08:00 ]NOTICE: Undefined variable: order_num/Applications/MAMP/htdocs/houdun/mogujie/Storage/view/compile/12a4c04ff32e74f90492277bf3b471de.php (20).
[ 2016-02-15T10:05:39+08:00 ]EXCEPTION: Admin\Controller\LinkController 不存在
[ 2016-02-15T10:31:31+08:00 ]EXCEPTION: Admin\Controller\LinkController 不存在
[ 2016-02-15T10:31:34+08:00 ]EXCEPTION: Admin\Controller\LinkController 不存在
[ 2016-02-15T10:49:28+08:00 ]EXCEPTION: Admin\Controller\LinkController 不存在
[ 2016-02-15T11:03:01+08:00 ]EXCEPTION: Admin\Controller\LinkController 不存在
[ 2016-02-15T11:03:04+08:00 ]EXCEPTION: Admin\Controller\LinkController 不存在
[ 2016-02-15T11:03:07+08:00 ]EXCEPTION: Admin\Controller\WebsetController 不存在
[ 2016-02-15T11:16:08+08:00 ]NOTICE: Undefined offset: 0/Applications/MAMP/htdocs/houdun/mogujie/App/Home/Controller/ContentController.php (56).
[ 2016-02-15T11:16:08+08:00 ]NOTICE: Undefined offset: 0/Applications/MAMP/htdocs/houdun/mogujie/App/Home/Controller/ContentController.php (56).
[ 2016-02-15T11:16:08+08:00 ]EXCEPTION: SELECT  *  FROM goods WHERE gid in (48,49,53,,) ;BindParams:array (
)42000;1064;You have an error in your SQL syntax; check the manual that corresponds to your MySQL server version for the right syntax to use near ')' at line 1
[ 2016-02-15T11:17:49+08:00 ]NOTICE: Undefined offset: 0/Applications/MAMP/htdocs/houdun/mogujie/App/Home/Controller/ContentController.php (56).
[ 2016-02-15T11:17:49+08:00 ]NOTICE: Undefined offset: 0/Applications/MAMP/htdocs/houdun/mogujie/App/Home/Controller/ContentController.php (56).
[ 2016-02-15T11:17:49+08:00 ]EXCEPTION: SELECT  *  FROM goods WHERE gid in (49,53,48,,) ;BindParams:array (
)42000;1064;You have an error in your SQL syntax; check the manual that corresponds to your MySQL server version for the right syntax to use near ')' at line 1
[ 2016-02-15T11:20:31+08:00 ]NOTICE: Undefined offset: 0/Applications/MAMP/htdocs/houdun/mogujie/App/Home/Controller/ContentController.php (56).
[ 2016-02-15T11:20:31+08:00 ]NOTICE: Undefined offset: 0/Applications/MAMP/htdocs/houdun/mogujie/App/Home/Controller/ContentController.php (56).
[ 2016-02-15T11:20:31+08:00 ]EXCEPTION: SELECT  *  FROM goods WHERE gid in (49,48,53,,) ;BindParams:array (
)42000;1064;You have an error in your SQL syntax; check the manual that corresponds to your MySQL server version for the right syntax to use near ')' at line 1
[ 2016-02-15T11:20:33+08:00 ]NOTICE: Undefined offset: 0/Applications/MAMP/htdocs/houdun/mogujie/App/Home/Controller/ContentController.php (56).
[ 2016-02-15T11:20:33+08:00 ]NOTICE: Undefined offset: 0/Applications/MAMP/htdocs/houdun/mogujie/App/Home/Controller/ContentController.php (56).
[ 2016-02-15T11:20:33+08:00 ]EXCEPTION: SELECT  *  FROM goods WHERE gid in (53,48,49,,) ;BindParams:array (
)42000;1064;You have an error in your SQL syntax; check the manual that corresponds to your MySQL server version for the right syntax to use near ')' at line 1
[ 2016-02-15T11:20:33+08:00 ]NOTICE: Undefined offset: 0/Applications/MAMP/htdocs/houdun/mogujie/App/Home/Controller/ContentController.php (56).
[ 2016-02-15T11:20:33+08:00 ]NOTICE: Undefined offset: 0/Applications/MAMP/htdocs/houdun/mogujie/App/Home/Controller/ContentController.php (56).
[ 2016-02-15T11:20:33+08:00 ]EXCEPTION: SELECT  *  FROM goods WHERE gid in (49,53,48,,) ;BindParams:array (
)42000;1064;You have an error in your SQL syntax; check the manual that corresponds to your MySQL server version for the right syntax to use near ')' at line 1
[ 2016-02-15T11:20:33+08:00 ]NOTICE: Undefined offset: 0/Applications/MAMP/htdocs/houdun/mogujie/App/Home/Controller/ContentController.php (56).
[ 2016-02-15T11:20:33+08:00 ]NOTICE: Undefined offset: 0/Applications/MAMP/htdocs/houdun/mogujie/App/Home/Controller/ContentController.php (56).
[ 2016-02-15T11:20:33+08:00 ]EXCEPTION: SELECT  *  FROM goods WHERE gid in (53,48,49,,) ;BindParams:array (
)42000;1064;You have an error in your SQL syntax; check the manual that corresponds to your MySQL server version for the right syntax to use near ')' at line 1
[ 2016-02-15T11:20:34+08:00 ]NOTICE: Undefined offset: 0/Applications/MAMP/htdocs/houdun/mogujie/App/Home/Controller/ContentController.php (56).
[ 2016-02-15T11:20:34+08:00 ]NOTICE: Undefined offset: 0/Applications/MAMP/htdocs/houdun/mogujie/App/Home/Controller/ContentController.php (56).
[ 2016-02-15T11:20:34+08:00 ]EXCEPTION: SELECT  *  FROM goods WHERE gid in (48,53,49,,) ;BindParams:array (
)42000;1064;You have an error in your SQL syntax; check the manual that corresponds to your MySQL server version for the right syntax to use near ')' at line 1
[ 2016-02-15T11:20:35+08:00 ]NOTICE: Undefined offset: 0/Applications/MAMP/htdocs/houdun/mogujie/App/Home/Controller/ContentController.php (56).
[ 2016-02-15T11:20:35+08:00 ]NOTICE: Undefined offset: 0/Applications/MAMP/htdocs/houdun/mogujie/App/Home/Controller/ContentController.php (56).
[ 2016-02-15T11:20:35+08:00 ]EXCEPTION: SELECT  *  FROM goods WHERE gid in (48,49,53,,) ;BindParams:array (
)42000;1064;You have an error in your SQL syntax; check the manual that corresponds to your MySQL server version for the right syntax to use near ')' at line 1
[ 2016-02-15T11:20:35+08:00 ]NOTICE: Undefined offset: 0/Applications/MAMP/htdocs/houdun/mogujie/App/Home/Controller/ContentController.php (56).
[ 2016-02-15T11:20:35+08:00 ]NOTICE: Undefined offset: 0/Applications/MAMP/htdocs/houdun/mogujie/App/Home/Controller/ContentController.php (56).
[ 2016-02-15T11:20:35+08:00 ]EXCEPTION: SELECT  *  FROM goods WHERE gid in (49,48,53,,) ;BindParams:array (
)42000;1064;You have an error in your SQL syntax; check the manual that corresponds to your MySQL server version for the right syntax to use near ')' at line 1
[ 2016-02-15T11:20:35+08:00 ]NOTICE: Undefined offset: 0/Applications/MAMP/htdocs/houdun/mogujie/App/Home/Controller/ContentController.php (56).
[ 2016-02-15T11:20:35+08:00 ]NOTICE: Undefined offset: 0/Applications/MAMP/htdocs/houdun/mogujie/App/Home/Controller/ContentController.php (56).
[ 2016-02-15T11:20:35+08:00 ]EXCEPTION: SELECT  *  FROM goods WHERE gid in (53,48,49,,) ;BindParams:array (
)42000;1064;You have an error in your SQL syntax; check the manual that corresponds to your MySQL server version for the right syntax to use near ')' at line 1
[ 2016-02-15T11:20:36+08:00 ]NOTICE: Undefined offset: 0/Applications/MAMP/htdocs/houdun/mogujie/App/Home/Controller/ContentController.php (56).
[ 2016-02-15T11:20:36+08:00 ]NOTICE: Undefined offset: 0/Applications/MAMP/htdocs/houdun/mogujie/App/Home/Controller/ContentController.php (56).
[ 2016-02-15T11:20:36+08:00 ]EXCEPTION: SELECT  *  FROM goods WHERE gid in (49,48,53,,) ;BindParams:array (
)42000;1064;You have an error in your SQL syntax; check the manual that corresponds to your MySQL server version for the right syntax to use near ')' at line 1
[ 2016-02-15T11:20:36+08:00 ]NOTICE: Undefined offset: 0/Applications/MAMP/htdocs/houdun/mogujie/App/Home/Controller/ContentController.php (56).
[ 2016-02-15T11:20:36+08:00 ]NOTICE: Undefined offset: 0/Applications/MAMP/htdocs/houdun/mogujie/App/Home/Controller/ContentController.php (56).
[ 2016-02-15T11:20:36+08:00 ]EXCEPTION: SELECT  *  FROM goods WHERE gid in (49,53,48,,) ;BindParams:array (
)42000;1064;You have an error in your SQL syntax; check the manual that corresponds to your MySQL server version for the right syntax to use near ')' at line 1
[ 2016-02-15T11:20:36+08:00 ]NOTICE: Undefined offset: 0/Applications/MAMP/htdocs/houdun/mogujie/App/Home/Controller/ContentController.php (56).
[ 2016-02-15T11:20:36+08:00 ]NOTICE: Undefined offset: 0/Applications/MAMP/htdocs/houdun/mogujie/App/Home/Controller/ContentController.php (56).
[ 2016-02-15T11:20:36+08:00 ]EXCEPTION: SELECT  *  FROM goods WHERE gid in (53,48,49,,) ;BindParams:array (
)42000;1064;You have an error in your SQL syntax; check the manual that corresponds to your MySQL server version for the right syntax to use near ')' at line 1
[ 2016-02-15T11:20:36+08:00 ]NOTICE: Undefined offset: 0/Applications/MAMP/htdocs/houdun/mogujie/App/Home/Controller/ContentController.php (56).
[ 2016-02-15T11:20:36+08:00 ]NOTICE: Undefined offset: 0/Applications/MAMP/htdocs/houdun/mogujie/App/Home/Controller/ContentController.php (56).
[ 2016-02-15T11:20:36+08:00 ]EXCEPTION: SELECT  *  FROM goods WHERE gid in (49,53,48,,) ;BindParams:array (
)42000;1064;You have an error in your SQL syntax; check the manual that corresponds to your MySQL server version for the right syntax to use near ')' at line 1
[ 2016-02-15T11:20:59+08:00 ]NOTICE: Undefined offset: 0/Applications/MAMP/htdocs/houdun/mogujie/App/Home/Controller/ContentController.php (56).
[ 2016-02-15T11:20:59+08:00 ]NOTICE: Undefined offset: 0/Applications/MAMP/htdocs/houdun/mogujie/App/Home/Controller/ContentController.php (56).
[ 2016-02-15T11:20:59+08:00 ]EXCEPTION: SELECT  *  FROM goods WHERE gid in (48,49,53,,) ;BindParams:array (
)42000;1064;You have an error in your SQL syntax; check the manual that corresponds to your MySQL server version for the right syntax to use near ')' at line 1
[ 2016-02-15T11:21:47+08:00 ]NOTICE: Undefined offset: 0/Applications/MAMP/htdocs/houdun/mogujie/App/Home/Controller/ContentController.php (57).
[ 2016-02-15T11:21:47+08:00 ]NOTICE: Undefined offset: 0/Applications/MAMP/htdocs/houdun/mogujie/App/Home/Controller/ContentController.php (57).
[ 2016-02-15T11:21:47+08:00 ]EXCEPTION: SELECT  *  FROM goods WHERE gid in (49,48,53,,) ;BindParams:array (
)42000;1064;You have an error in your SQL syntax; check the manual that corresponds to your MySQL server version for the right syntax to use near ')' at line 1
[ 2016-02-15T11:32:12+08:00 ]NOTICE: Undefined offset: 0/Applications/MAMP/htdocs/houdun/mogujie/App/Home/Controller/ContentController.php (57).
[ 2016-02-15T11:32:12+08:00 ]EXCEPTION: SELECT  *  FROM goods WHERE gid in (48,54,55,53,) ;BindParams:array (
)42000;1064;You have an error in your SQL syntax; check the manual that corresponds to your MySQL server version for the right syntax to use near ')' at line 1
[ 2016-02-15T11:32:19+08:00 ]NOTICE: Undefined offset: 0/Applications/MAMP/htdocs/houdun/mogujie/App/Home/Controller/ContentController.php (57).
[ 2016-02-15T11:32:19+08:00 ]EXCEPTION: SELECT  *  FROM goods WHERE gid in (54,53,55,48,) ;BindParams:array (
)42000;1064;You have an error in your SQL syntax; check the manual that corresponds to your MySQL server version for the right syntax to use near ')' at line 1
[ 2016-02-15T11:33:03+08:00 ]NOTICE: Undefined offset: 0/Applications/MAMP/htdocs/houdun/mogujie/App/Home/Controller/ContentController.php (57).
[ 2016-02-15T11:33:03+08:00 ]EXCEPTION: SELECT  *  FROM goods WHERE gid in (53,48,54,55,) ;BindParams:array (
)42000;1064;You have an error in your SQL syntax; check the manual that corresponds to your MySQL server version for the right syntax to use near ')' at line 1
[ 2016-02-15T11:34:21+08:00 ]NOTICE: Undefined offset: 0/Applications/MAMP/htdocs/houdun/mogujie/App/Home/Controller/ContentController.php (57).
[ 2016-02-15T11:34:21+08:00 ]EXCEPTION: SELECT  *  FROM goods WHERE gid in (48,54,53,55,) ;BindParams:array (
)42000;1064;You have an error in your SQL syntax; check the manual that corresponds to your MySQL server version for the right syntax to use near ')' at line 1
