[ 2016-01-11T12:09:39+08:00 ]EXCEPTION: Method Home\Controller\LoginController::add() does not exist
[ 2016-01-11T12:10:12+08:00 ]EXCEPTION: Method Home\Controller\LoginController::add() does not exist
[ 2016-01-11T12:10:50+08:00 ]EXCEPTION: Method Home\Controller\LoginController::add() does not exist
[ 2016-01-11T16:50:59+08:00 ]EXCEPTION: Method Home\Controller\LoginController::code?c=0.15709595452062786() does not exist
[ 2016-01-11T16:51:29+08:00 ]EXCEPTION: Method Home\Controller\LoginController::code?c=0.3855412981938571() does not exist
[ 2016-01-11T16:54:35+08:00 ]EXCEPTION: Home\Controller\SdfsController 不存在
[ 2016-01-11T16:56:55+08:00 ]EXCEPTION: Method Home\Controller\LoginController::add() does not exist
[ 2016-01-11T17:11:40+08:00 ]NOTICE: Undefined variable: User/Applications/MAMP/htdocs/houdun/mogujie/App/Home/Controller/LoginController.php (24).
[ 2016-01-11T17:40:31+08:00 ]EXCEPTION: Method Home\Controller\LoginController::add() does not exist
[ 2016-01-11T17:41:18+08:00 ]EXCEPTION: Method Home\Controller\LoginController::Login\register() does not exist
[ 2016-01-11T17:42:24+08:00 ]EXCEPTION: Method Home\Controller\LoginController::Login\register() does not exist
[ 2016-01-11T17:42:37+08:00 ]EXCEPTION: Method Home\Controller\LoginController::Login\register() does not exist
[ 2016-01-11T17:43:00+08:00 ]EXCEPTION: Method Home\Controller\LoginController::Login\register() does not exist
[ 2016-01-11T17:44:16+08:00 ]EXCEPTION: Method Home\Controller\LoginController::Login\register() does not exist
[ 2016-01-11T17:47:43+08:00 ]EXCEPTION: Method Home\Controller\LoginController::Login\register() does not exist
[ 2016-01-11T17:48:56+08:00 ]EXCEPTION: Method Home\Controller\LoginController::Login\register() does not exist
[ 2016-01-11T21:50:07+08:00 ]NOTICE: Missing argument 4 for Home\Model\User::checkCode(), called in /Applications/MAMP/htdocs/houdun/mogujie/Hdphp/Model/Model.php on line 251 and defined/Applications/MAMP/htdocs/houdun/mogujie/App/Home/Model/User.php (34).
[ 2016-01-11T21:51:13+08:00 ]NOTICE: Missing argument 4 for Home\Model\User::checkCode(), called in /Applications/MAMP/htdocs/houdun/mogujie/Hdphp/Model/Model.php on line 251 and defined/Applications/MAMP/htdocs/houdun/mogujie/App/Home/Model/User.php (35).
[ 2016-01-11T21:52:05+08:00 ]NOTICE: Missing argument 4 for Home\Model\User::checkCode(), called in /Applications/MAMP/htdocs/houdun/mogujie/Hdphp/Model/Model.php on line 251 and defined/Applications/MAMP/htdocs/houdun/mogujie/App/Home/Model/User.php (35).
[ 2016-01-11T21:52:53+08:00 ]NOTICE: Missing argument 4 for Home\Model\User::checkCode(), called in /Applications/MAMP/htdocs/houdun/mogujie/Hdphp/Model/Model.php on line 251 and defined/Applications/MAMP/htdocs/houdun/mogujie/App/Home/Model/User.php (35).
