[ 2016-01-12T00:50:08+08:00 ]NOTICE: Undefined index: account/Applications/MAMP/htdocs/houdun/mogujie/App/Home/Controller/IndexController.php (15).
[ 2016-01-12T01:07:24+08:00 ]NOTICE: Undefined index: uid/Applications/MAMP/htdocs/houdun/mogujie/Storage/view/compile/0c28e7150ba5d668f4a1564650d3d0d8.php (22).
[ 2016-01-12T01:07:45+08:00 ]NOTICE: Undefined index: uid/Applications/MAMP/htdocs/houdun/mogujie/Storage/view/compile/0c28e7150ba5d668f4a1564650d3d0d8.php (22).
[ 2016-01-12T01:19:04+08:00 ]NOTICE: Undefined index: uid/Applications/MAMP/htdocs/houdun/mogujie/Storage/view/compile/0c28e7150ba5d668f4a1564650d3d0d8.php (22).
[ 2016-01-12T01:19:45+08:00 ]NOTICE: Undefined index: uid/Applications/MAMP/htdocs/houdun/mogujie/Storage/view/compile/0c28e7150ba5d668f4a1564650d3d0d8.php (22).
[ 2016-01-12T01:21:12+08:00 ]NOTICE: Undefined index: uid/Applications/MAMP/htdocs/houdun/mogujie/Storage/view/compile/0c28e7150ba5d668f4a1564650d3d0d8.php (22).
[ 2016-01-12T01:21:12+08:00 ]NOTICE: Undefined index: account/Applications/MAMP/htdocs/houdun/mogujie/Storage/view/compile/0c28e7150ba5d668f4a1564650d3d0d8.php (25).
[ 2016-01-12T01:21:19+08:00 ]NOTICE: Undefined index: uid/Applications/MAMP/htdocs/houdun/mogujie/Storage/view/compile/0c28e7150ba5d668f4a1564650d3d0d8.php (22).
[ 2016-01-12T08:22:47+08:00 ]NOTICE: Undefined index: uid/Applications/MAMP/htdocs/houdun/mogujie/Storage/view/compile/0c28e7150ba5d668f4a1564650d3d0d8.php (22).
[ 2016-01-12T08:23:34+08:00 ]EXCEPTION: Admin\Controller\IndexController 不存在
[ 2016-01-12T08:37:12+08:00 ]NOTICE: Undefined index: uid/Applications/MAMP/htdocs/houdun/mogujie/Storage/view/compile/0c28e7150ba5d668f4a1564650d3d0d8.php (22).
[ 2016-01-12T09:35:37+08:00 ]EXCEPTION: Method Admin\Controller\IndexController::welcome() does not exist
[ 2016-01-12T09:35:57+08:00 ]EXCEPTION: Method Admin\Controller\IndexController::welcome() does not exist
[ 2016-01-12T09:40:47+08:00 ]NOTICE: Undefined index: uid/Applications/MAMP/htdocs/houdun/mogujie/Storage/view/compile/0c28e7150ba5d668f4a1564650d3d0d8.php (22).
[ 2016-01-12T09:49:35+08:00 ]NOTICE: Undefined index: uid/Applications/MAMP/htdocs/houdun/mogujie/Storage/view/compile/0c28e7150ba5d668f4a1564650d3d0d8.php (22).
[ 2016-01-12T10:03:55+08:00 ]NOTICE: Undefined index: password/Applications/MAMP/htdocs/houdun/mogujie/App/Admin/Controller/LoginController.php (29).
[ 2016-01-12T10:04:22+08:00 ]NOTICE: Undefined index: password/Applications/MAMP/htdocs/houdun/mogujie/App/Admin/Controller/LoginController.php (29).
[ 2016-01-12T10:08:17+08:00 ]EXCEPTION: Method Admin\Controller\LoginController::登录成功() does not exist
[ 2016-01-12T15:00:57+08:00 ]EXCEPTION: SELECT  *  FROM admin WHERE account=arkin000 LIMIT 1 ;BindParams:array (
)42S22;1054;Unknown column 'arkin000' in 'where clause'
[ 2016-01-12T15:02:18+08:00 ]EXCEPTION: SELECT  *  FROM admin WHERE account=arkin000 ;BindParams:array (
)42S22;1054;Unknown column 'arkin000' in 'where clause'
[ 2016-01-12T15:10:51+08:00 ]NOTICE: md5() expects parameter 1 to be string, array given/Applications/MAMP/htdocs/houdun/mogujie/App/Admin/Model/Admin.php (31).
[ 2016-01-12T15:13:20+08:00 ]EXCEPTION: Admin\Controller\IoginController 不存在
[ 2016-01-12T15:21:36+08:00 ]NOTICE: Undefined variable: data/Applications/MAMP/htdocs/houdun/mogujie/App/Admin/Model/Admin.php (45).
[ 2016-01-12T15:22:04+08:00 ]NOTICE: Undefined variable: data/Applications/MAMP/htdocs/houdun/mogujie/App/Admin/Model/Admin.php (45).
[ 2016-01-12T15:59:52+08:00 ]NOTICE: Use of undefined constant password - assumed 'password'/Applications/MAMP/htdocs/houdun/mogujie/App/Home/Model/User.php (36).
[ 2016-01-12T16:00:12+08:00 ]NOTICE: Use of undefined constant password - assumed 'password'/Applications/MAMP/htdocs/houdun/mogujie/App/Home/Model/User.php (36).
[ 2016-01-12T16:00:53+08:00 ]NOTICE: Use of undefined constant password - assumed 'password'/Applications/MAMP/htdocs/houdun/mogujie/App/Home/Model/User.php (36).
[ 2016-01-12T16:01:33+08:00 ]NOTICE: Use of undefined constant password - assumed 'password'/Applications/MAMP/htdocs/houdun/mogujie/App/Home/Model/User.php (37).
[ 2016-01-12T16:03:22+08:00 ]NOTICE: Use of undefined constant password - assumed 'password'/Applications/MAMP/htdocs/houdun/mogujie/App/Home/Model/User.php (37).
[ 2016-01-12T16:03:29+08:00 ]NOTICE: Use of undefined constant password - assumed 'password'/Applications/MAMP/htdocs/houdun/mogujie/App/Home/Model/User.php (37).
[ 2016-01-12T16:33:56+08:00 ]EXCEPTION: Method Home\Controller\IndexController::changePwd() does not exist
[ 2016-01-12T16:34:27+08:00 ]EXCEPTION: Method Home\Controller\IndexController::changePwd() does not exist
[ 2016-01-12T16:35:05+08:00 ]EXCEPTION: 模板不存在:App/Admin/View/Login/changePwd.php
[ 2016-01-12T16:35:20+08:00 ]EXCEPTION: 模板不存在:App/Admin/View/Login/changePwd.php
[ 2016-01-12T16:35:51+08:00 ]EXCEPTION: 模板不存在:App/Admin/View/Login/changePwd.php
[ 2016-01-12T16:36:05+08:00 ]EXCEPTION: 模板不存在:App/Admin/View/Login/changePwd.php
[ 2016-01-12T16:37:27+08:00 ]EXCEPTION: 模板不存在:App/Admin/View/Login/changePwd.php
[ 2016-01-12T16:39:17+08:00 ]EXCEPTION: 模板不存在:App/Admin/View/Login/changePwd.php
[ 2016-01-12T16:40:04+08:00 ]EXCEPTION: 模板不存在:App/Admin/View/Login/changePwd.php
[ 2016-01-12T16:41:29+08:00 ]EXCEPTION: Method Admin\Controller\LoginController::changePwd() does not exist
[ 2016-01-12T16:46:01+08:00 ]EXCEPTION: Admin\Controller\CateController 不存在
[ 2016-01-12T16:46:02+08:00 ]EXCEPTION: Admin\Controller\CateController 不存在
[ 2016-01-12T16:46:08+08:00 ]EXCEPTION: Admin\Controller\CateController 不存在
[ 2016-01-12T16:46:08+08:00 ]EXCEPTION: Admin\Controller\CateController 不存在
[ 2016-01-12T16:46:27+08:00 ]EXCEPTION: Admin\Controller\CateController 不存在
[ 2016-01-12T16:46:28+08:00 ]EXCEPTION: Admin\Controller\CateController 不存在
[ 2016-01-12T16:46:41+08:00 ]EXCEPTION: Admin\Controller\CateController 不存在
[ 2016-01-12T16:48:03+08:00 ]EXCEPTION: Admin\Controller\CateController 不存在
[ 2016-01-12T18:26:14+08:00 ]NOTICE: Undefined variable: data/Applications/MAMP/htdocs/houdun/mogujie/Storage/view/compile/ed8cc45153a4518cc23391e888d2bd69.php (28).
[ 2016-01-12T18:26:14+08:00 ]NOTICE: Invalid argument supplied for foreach()/Applications/MAMP/htdocs/houdun/mogujie/Storage/view/compile/ed8cc45153a4518cc23391e888d2bd69.php (28).
[ 2016-01-12T18:49:03+08:00 ]EXCEPTION: Method Admin\Controller\CategoryController::addCate() does not exist
[ 2016-01-12T19:13:41+08:00 ]NOTICE: Declaration of Admin\Model\Type::add() should be compatible with Hdphp\Model\Model::add(array $data = Array)/Applications/MAMP/htdocs/houdun/mogujie/App/Admin/Model/Type.php (5).
[ 2016-01-12T19:23:29+08:00 ]NOTICE: Undefined index: from/Applications/MAMP/htdocs/houdun/mogujie/Hdphp/View/HdphpTag.php (134).
[ 2016-01-12T19:49:53+08:00 ]EXCEPTION: Method Admin\Controller\TypeController::del() does not exist
[ 2016-01-12T21:36:21+08:00 ]EXCEPTION: Admin\Controller\TagController 不存在
[ 2016-01-12T22:23:55+08:00 ]NOTICE: Undefined index: atid/Applications/MAMP/htdocs/houdun/mogujie/Storage/view/compile/3b59274daa73569ce8b14effdf9187c6.php (29).
[ 2016-01-12T22:23:55+08:00 ]NOTICE: Undefined index: atname/Applications/MAMP/htdocs/houdun/mogujie/Storage/view/compile/3b59274daa73569ce8b14effdf9187c6.php (30).
[ 2016-01-12T22:23:55+08:00 ]NOTICE: Undefined index: atid/Applications/MAMP/htdocs/houdun/mogujie/Storage/view/compile/3b59274daa73569ce8b14effdf9187c6.php (32).
[ 2016-01-12T22:23:55+08:00 ]NOTICE: Undefined index: atid/Applications/MAMP/htdocs/houdun/mogujie/Storage/view/compile/3b59274daa73569ce8b14effdf9187c6.php (33).
[ 2016-01-12T22:23:55+08:00 ]NOTICE: Undefined index: atid/Applications/MAMP/htdocs/houdun/mogujie/Storage/view/compile/3b59274daa73569ce8b14effdf9187c6.php (29).
[ 2016-01-12T22:23:55+08:00 ]NOTICE: Undefined index: atname/Applications/MAMP/htdocs/houdun/mogujie/Storage/view/compile/3b59274daa73569ce8b14effdf9187c6.php (30).
[ 2016-01-12T22:23:55+08:00 ]NOTICE: Undefined index: atid/Applications/MAMP/htdocs/houdun/mogujie/Storage/view/compile/3b59274daa73569ce8b14effdf9187c6.php (32).
[ 2016-01-12T22:23:55+08:00 ]NOTICE: Undefined index: atid/Applications/MAMP/htdocs/houdun/mogujie/Storage/view/compile/3b59274daa73569ce8b14effdf9187c6.php (33).
[ 2016-01-12T22:23:55+08:00 ]NOTICE: Undefined index: atid/Applications/MAMP/htdocs/houdun/mogujie/Storage/view/compile/3b59274daa73569ce8b14effdf9187c6.php (29).
[ 2016-01-12T22:23:55+08:00 ]NOTICE: Undefined index: atname/Applications/MAMP/htdocs/houdun/mogujie/Storage/view/compile/3b59274daa73569ce8b14effdf9187c6.php (30).
[ 2016-01-12T22:23:55+08:00 ]NOTICE: Undefined index: atid/Applications/MAMP/htdocs/houdun/mogujie/Storage/view/compile/3b59274daa73569ce8b14effdf9187c6.php (32).
[ 2016-01-12T22:23:55+08:00 ]NOTICE: Undefined index: atid/Applications/MAMP/htdocs/houdun/mogujie/Storage/view/compile/3b59274daa73569ce8b14effdf9187c6.php (33).
[ 2016-01-12T22:23:55+08:00 ]NOTICE: Undefined index: atid/Applications/MAMP/htdocs/houdun/mogujie/Storage/view/compile/3b59274daa73569ce8b14effdf9187c6.php (29).
[ 2016-01-12T22:23:55+08:00 ]NOTICE: Undefined index: atname/Applications/MAMP/htdocs/houdun/mogujie/Storage/view/compile/3b59274daa73569ce8b14effdf9187c6.php (30).
[ 2016-01-12T22:23:55+08:00 ]NOTICE: Undefined index: atid/Applications/MAMP/htdocs/houdun/mogujie/Storage/view/compile/3b59274daa73569ce8b14effdf9187c6.php (32).
[ 2016-01-12T22:23:55+08:00 ]NOTICE: Undefined index: atid/Applications/MAMP/htdocs/houdun/mogujie/Storage/view/compile/3b59274daa73569ce8b14effdf9187c6.php (33).
[ 2016-01-12T22:23:55+08:00 ]NOTICE: Undefined index: atid/Applications/MAMP/htdocs/houdun/mogujie/Storage/view/compile/3b59274daa73569ce8b14effdf9187c6.php (29).
[ 2016-01-12T22:23:55+08:00 ]NOTICE: Undefined index: atname/Applications/MAMP/htdocs/houdun/mogujie/Storage/view/compile/3b59274daa73569ce8b14effdf9187c6.php (30).
[ 2016-01-12T22:23:55+08:00 ]NOTICE: Undefined index: atid/Applications/MAMP/htdocs/houdun/mogujie/Storage/view/compile/3b59274daa73569ce8b14effdf9187c6.php (32).
[ 2016-01-12T22:23:55+08:00 ]NOTICE: Undefined index: atid/Applications/MAMP/htdocs/houdun/mogujie/Storage/view/compile/3b59274daa73569ce8b14effdf9187c6.php (33).
[ 2016-01-12T22:23:55+08:00 ]NOTICE: Undefined index: atid/Applications/MAMP/htdocs/houdun/mogujie/Storage/view/compile/3b59274daa73569ce8b14effdf9187c6.php (29).
[ 2016-01-12T22:23:55+08:00 ]NOTICE: Undefined index: atname/Applications/MAMP/htdocs/houdun/mogujie/Storage/view/compile/3b59274daa73569ce8b14effdf9187c6.php (30).
[ 2016-01-12T22:23:55+08:00 ]NOTICE: Undefined index: atid/Applications/MAMP/htdocs/houdun/mogujie/Storage/view/compile/3b59274daa73569ce8b14effdf9187c6.php (32).
[ 2016-01-12T22:23:55+08:00 ]NOTICE: Undefined index: atid/Applications/MAMP/htdocs/houdun/mogujie/Storage/view/compile/3b59274daa73569ce8b14effdf9187c6.php (33).
[ 2016-01-12T22:23:55+08:00 ]NOTICE: Undefined index: atid/Applications/MAMP/htdocs/houdun/mogujie/Storage/view/compile/3b59274daa73569ce8b14effdf9187c6.php (29).
[ 2016-01-12T22:23:55+08:00 ]NOTICE: Undefined index: atname/Applications/MAMP/htdocs/houdun/mogujie/Storage/view/compile/3b59274daa73569ce8b14effdf9187c6.php (30).
[ 2016-01-12T22:23:55+08:00 ]NOTICE: Undefined index: atid/Applications/MAMP/htdocs/houdun/mogujie/Storage/view/compile/3b59274daa73569ce8b14effdf9187c6.php (32).
[ 2016-01-12T22:23:55+08:00 ]NOTICE: Undefined index: atid/Applications/MAMP/htdocs/houdun/mogujie/Storage/view/compile/3b59274daa73569ce8b14effdf9187c6.php (33).
[ 2016-01-12T22:23:55+08:00 ]NOTICE: Undefined index: atid/Applications/MAMP/htdocs/houdun/mogujie/Storage/view/compile/3b59274daa73569ce8b14effdf9187c6.php (29).
[ 2016-01-12T22:23:55+08:00 ]NOTICE: Undefined index: atname/Applications/MAMP/htdocs/houdun/mogujie/Storage/view/compile/3b59274daa73569ce8b14effdf9187c6.php (30).
[ 2016-01-12T22:23:55+08:00 ]NOTICE: Undefined index: atid/Applications/MAMP/htdocs/houdun/mogujie/Storage/view/compile/3b59274daa73569ce8b14effdf9187c6.php (32).
[ 2016-01-12T22:23:55+08:00 ]NOTICE: Undefined index: atid/Applications/MAMP/htdocs/houdun/mogujie/Storage/view/compile/3b59274daa73569ce8b14effdf9187c6.php (33).
[ 2016-01-12T22:23:55+08:00 ]NOTICE: Undefined index: atid/Applications/MAMP/htdocs/houdun/mogujie/Storage/view/compile/3b59274daa73569ce8b14effdf9187c6.php (29).
[ 2016-01-12T22:23:55+08:00 ]NOTICE: Undefined index: atname/Applications/MAMP/htdocs/houdun/mogujie/Storage/view/compile/3b59274daa73569ce8b14effdf9187c6.php (30).
[ 2016-01-12T22:23:55+08:00 ]NOTICE: Undefined index: atid/Applications/MAMP/htdocs/houdun/mogujie/Storage/view/compile/3b59274daa73569ce8b14effdf9187c6.php (32).
[ 2016-01-12T22:23:55+08:00 ]NOTICE: Undefined index: atid/Applications/MAMP/htdocs/houdun/mogujie/Storage/view/compile/3b59274daa73569ce8b14effdf9187c6.php (33).
[ 2016-01-12T22:23:55+08:00 ]NOTICE: Undefined index: atid/Applications/MAMP/htdocs/houdun/mogujie/Storage/view/compile/3b59274daa73569ce8b14effdf9187c6.php (29).
[ 2016-01-12T22:23:55+08:00 ]NOTICE: Undefined index: atname/Applications/MAMP/htdocs/houdun/mogujie/Storage/view/compile/3b59274daa73569ce8b14effdf9187c6.php (30).
[ 2016-01-12T22:23:55+08:00 ]NOTICE: Undefined index: atid/Applications/MAMP/htdocs/houdun/mogujie/Storage/view/compile/3b59274daa73569ce8b14effdf9187c6.php (32).
[ 2016-01-12T22:23:55+08:00 ]NOTICE: Undefined index: atid/Applications/MAMP/htdocs/houdun/mogujie/Storage/view/compile/3b59274daa73569ce8b14effdf9187c6.php (33).
[ 2016-01-12T22:23:55+08:00 ]NOTICE: Undefined index: atid/Applications/MAMP/htdocs/houdun/mogujie/Storage/view/compile/3b59274daa73569ce8b14effdf9187c6.php (29).
[ 2016-01-12T22:23:55+08:00 ]NOTICE: Undefined index: atname/Applications/MAMP/htdocs/houdun/mogujie/Storage/view/compile/3b59274daa73569ce8b14effdf9187c6.php (30).
[ 2016-01-12T22:23:55+08:00 ]NOTICE: Undefined index: atid/Applications/MAMP/htdocs/houdun/mogujie/Storage/view/compile/3b59274daa73569ce8b14effdf9187c6.php (32).
[ 2016-01-12T22:23:55+08:00 ]NOTICE: Undefined index: atid/Applications/MAMP/htdocs/houdun/mogujie/Storage/view/compile/3b59274daa73569ce8b14effdf9187c6.php (33).
[ 2016-01-12T22:23:55+08:00 ]NOTICE: Undefined index: atid/Applications/MAMP/htdocs/houdun/mogujie/Storage/view/compile/3b59274daa73569ce8b14effdf9187c6.php (29).
[ 2016-01-12T22:23:55+08:00 ]NOTICE: Undefined index: atname/Applications/MAMP/htdocs/houdun/mogujie/Storage/view/compile/3b59274daa73569ce8b14effdf9187c6.php (30).
[ 2016-01-12T22:23:55+08:00 ]NOTICE: Undefined index: atid/Applications/MAMP/htdocs/houdun/mogujie/Storage/view/compile/3b59274daa73569ce8b14effdf9187c6.php (32).
[ 2016-01-12T22:23:55+08:00 ]NOTICE: Undefined index: atid/Applications/MAMP/htdocs/houdun/mogujie/Storage/view/compile/3b59274daa73569ce8b14effdf9187c6.php (33).
[ 2016-01-12T22:23:55+08:00 ]NOTICE: Undefined index: atid/Applications/MAMP/htdocs/houdun/mogujie/Storage/view/compile/3b59274daa73569ce8b14effdf9187c6.php (29).
[ 2016-01-12T22:23:55+08:00 ]NOTICE: Undefined index: atname/Applications/MAMP/htdocs/houdun/mogujie/Storage/view/compile/3b59274daa73569ce8b14effdf9187c6.php (30).
[ 2016-01-12T22:23:55+08:00 ]NOTICE: Undefined index: atid/Applications/MAMP/htdocs/houdun/mogujie/Storage/view/compile/3b59274daa73569ce8b14effdf9187c6.php (32).
[ 2016-01-12T22:23:55+08:00 ]NOTICE: Undefined index: atid/Applications/MAMP/htdocs/houdun/mogujie/Storage/view/compile/3b59274daa73569ce8b14effdf9187c6.php (33).
[ 2016-01-12T22:23:55+08:00 ]NOTICE: Undefined index: atid/Applications/MAMP/htdocs/houdun/mogujie/Storage/view/compile/3b59274daa73569ce8b14effdf9187c6.php (29).
[ 2016-01-12T22:23:55+08:00 ]NOTICE: Undefined index: atname/Applications/MAMP/htdocs/houdun/mogujie/Storage/view/compile/3b59274daa73569ce8b14effdf9187c6.php (30).
[ 2016-01-12T22:23:55+08:00 ]NOTICE: Undefined index: atid/Applications/MAMP/htdocs/houdun/mogujie/Storage/view/compile/3b59274daa73569ce8b14effdf9187c6.php (32).
[ 2016-01-12T22:23:55+08:00 ]NOTICE: Undefined index: atid/Applications/MAMP/htdocs/houdun/mogujie/Storage/view/compile/3b59274daa73569ce8b14effdf9187c6.php (33).
[ 2016-01-12T22:23:55+08:00 ]NOTICE: Undefined index: atid/Applications/MAMP/htdocs/houdun/mogujie/Storage/view/compile/3b59274daa73569ce8b14effdf9187c6.php (29).
[ 2016-01-12T22:23:55+08:00 ]NOTICE: Undefined index: atname/Applications/MAMP/htdocs/houdun/mogujie/Storage/view/compile/3b59274daa73569ce8b14effdf9187c6.php (30).
[ 2016-01-12T22:23:55+08:00 ]NOTICE: Undefined index: atid/Applications/MAMP/htdocs/houdun/mogujie/Storage/view/compile/3b59274daa73569ce8b14effdf9187c6.php (32).
[ 2016-01-12T22:23:55+08:00 ]NOTICE: Undefined index: atid/Applications/MAMP/htdocs/houdun/mogujie/Storage/view/compile/3b59274daa73569ce8b14effdf9187c6.php (33).
[ 2016-01-12T22:23:55+08:00 ]NOTICE: Undefined index: atid/Applications/MAMP/htdocs/houdun/mogujie/Storage/view/compile/3b59274daa73569ce8b14effdf9187c6.php (29).
[ 2016-01-12T22:23:55+08:00 ]NOTICE: Undefined index: atname/Applications/MAMP/htdocs/houdun/mogujie/Storage/view/compile/3b59274daa73569ce8b14effdf9187c6.php (30).
[ 2016-01-12T22:23:55+08:00 ]NOTICE: Undefined index: atid/Applications/MAMP/htdocs/houdun/mogujie/Storage/view/compile/3b59274daa73569ce8b14effdf9187c6.php (32).
[ 2016-01-12T22:23:55+08:00 ]NOTICE: Undefined index: atid/Applications/MAMP/htdocs/houdun/mogujie/Storage/view/compile/3b59274daa73569ce8b14effdf9187c6.php (33).
[ 2016-01-12T22:24:54+08:00 ]NOTICE: Undefined index: atid/Applications/MAMP/htdocs/houdun/mogujie/Storage/view/compile/3b59274daa73569ce8b14effdf9187c6.php (29).
[ 2016-01-12T22:24:54+08:00 ]NOTICE: Undefined index: atname/Applications/MAMP/htdocs/houdun/mogujie/Storage/view/compile/3b59274daa73569ce8b14effdf9187c6.php (30).
[ 2016-01-12T22:24:54+08:00 ]NOTICE: Undefined index: atid/Applications/MAMP/htdocs/houdun/mogujie/Storage/view/compile/3b59274daa73569ce8b14effdf9187c6.php (32).
[ 2016-01-12T22:24:54+08:00 ]NOTICE: Undefined index: atid/Applications/MAMP/htdocs/houdun/mogujie/Storage/view/compile/3b59274daa73569ce8b14effdf9187c6.php (33).
[ 2016-01-12T22:24:54+08:00 ]NOTICE: Undefined index: atid/Applications/MAMP/htdocs/houdun/mogujie/Storage/view/compile/3b59274daa73569ce8b14effdf9187c6.php (29).
[ 2016-01-12T22:24:54+08:00 ]NOTICE: Undefined index: atname/Applications/MAMP/htdocs/houdun/mogujie/Storage/view/compile/3b59274daa73569ce8b14effdf9187c6.php (30).
[ 2016-01-12T22:24:54+08:00 ]NOTICE: Undefined index: atid/Applications/MAMP/htdocs/houdun/mogujie/Storage/view/compile/3b59274daa73569ce8b14effdf9187c6.php (32).
[ 2016-01-12T22:24:54+08:00 ]NOTICE: Undefined index: atid/Applications/MAMP/htdocs/houdun/mogujie/Storage/view/compile/3b59274daa73569ce8b14effdf9187c6.php (33).
[ 2016-01-12T22:24:54+08:00 ]NOTICE: Undefined index: atid/Applications/MAMP/htdocs/houdun/mogujie/Storage/view/compile/3b59274daa73569ce8b14effdf9187c6.php (29).
[ 2016-01-12T22:24:54+08:00 ]NOTICE: Undefined index: atname/Applications/MAMP/htdocs/houdun/mogujie/Storage/view/compile/3b59274daa73569ce8b14effdf9187c6.php (30).
[ 2016-01-12T22:24:54+08:00 ]NOTICE: Undefined index: atid/Applications/MAMP/htdocs/houdun/mogujie/Storage/view/compile/3b59274daa73569ce8b14effdf9187c6.php (32).
[ 2016-01-12T22:24:54+08:00 ]NOTICE: Undefined index: atid/Applications/MAMP/htdocs/houdun/mogujie/Storage/view/compile/3b59274daa73569ce8b14effdf9187c6.php (33).
[ 2016-01-12T22:24:54+08:00 ]NOTICE: Undefined index: atid/Applications/MAMP/htdocs/houdun/mogujie/Storage/view/compile/3b59274daa73569ce8b14effdf9187c6.php (29).
[ 2016-01-12T22:24:54+08:00 ]NOTICE: Undefined index: atname/Applications/MAMP/htdocs/houdun/mogujie/Storage/view/compile/3b59274daa73569ce8b14effdf9187c6.php (30).
[ 2016-01-12T22:24:54+08:00 ]NOTICE: Undefined index: atid/Applications/MAMP/htdocs/houdun/mogujie/Storage/view/compile/3b59274daa73569ce8b14effdf9187c6.php (32).
[ 2016-01-12T22:24:54+08:00 ]NOTICE: Undefined index: atid/Applications/MAMP/htdocs/houdun/mogujie/Storage/view/compile/3b59274daa73569ce8b14effdf9187c6.php (33).
[ 2016-01-12T22:24:54+08:00 ]NOTICE: Undefined index: atid/Applications/MAMP/htdocs/houdun/mogujie/Storage/view/compile/3b59274daa73569ce8b14effdf9187c6.php (29).
[ 2016-01-12T22:24:54+08:00 ]NOTICE: Undefined index: atname/Applications/MAMP/htdocs/houdun/mogujie/Storage/view/compile/3b59274daa73569ce8b14effdf9187c6.php (30).
[ 2016-01-12T22:24:54+08:00 ]NOTICE: Undefined index: atid/Applications/MAMP/htdocs/houdun/mogujie/Storage/view/compile/3b59274daa73569ce8b14effdf9187c6.php (32).
[ 2016-01-12T22:24:54+08:00 ]NOTICE: Undefined index: atid/Applications/MAMP/htdocs/houdun/mogujie/Storage/view/compile/3b59274daa73569ce8b14effdf9187c6.php (33).
[ 2016-01-12T22:24:54+08:00 ]NOTICE: Undefined index: atid/Applications/MAMP/htdocs/houdun/mogujie/Storage/view/compile/3b59274daa73569ce8b14effdf9187c6.php (29).
[ 2016-01-12T22:24:54+08:00 ]NOTICE: Undefined index: atname/Applications/MAMP/htdocs/houdun/mogujie/Storage/view/compile/3b59274daa73569ce8b14effdf9187c6.php (30).
[ 2016-01-12T22:24:54+08:00 ]NOTICE: Undefined index: atid/Applications/MAMP/htdocs/houdun/mogujie/Storage/view/compile/3b59274daa73569ce8b14effdf9187c6.php (32).
[ 2016-01-12T22:24:54+08:00 ]NOTICE: Undefined index: atid/Applications/MAMP/htdocs/houdun/mogujie/Storage/view/compile/3b59274daa73569ce8b14effdf9187c6.php (33).
[ 2016-01-12T22:24:54+08:00 ]NOTICE: Undefined index: atid/Applications/MAMP/htdocs/houdun/mogujie/Storage/view/compile/3b59274daa73569ce8b14effdf9187c6.php (29).
[ 2016-01-12T22:24:54+08:00 ]NOTICE: Undefined index: atname/Applications/MAMP/htdocs/houdun/mogujie/Storage/view/compile/3b59274daa73569ce8b14effdf9187c6.php (30).
[ 2016-01-12T22:24:54+08:00 ]NOTICE: Undefined index: atid/Applications/MAMP/htdocs/houdun/mogujie/Storage/view/compile/3b59274daa73569ce8b14effdf9187c6.php (32).
[ 2016-01-12T22:24:54+08:00 ]NOTICE: Undefined index: atid/Applications/MAMP/htdocs/houdun/mogujie/Storage/view/compile/3b59274daa73569ce8b14effdf9187c6.php (33).
[ 2016-01-12T22:24:54+08:00 ]NOTICE: Undefined index: atid/Applications/MAMP/htdocs/houdun/mogujie/Storage/view/compile/3b59274daa73569ce8b14effdf9187c6.php (29).
[ 2016-01-12T22:24:54+08:00 ]NOTICE: Undefined index: atname/Applications/MAMP/htdocs/houdun/mogujie/Storage/view/compile/3b59274daa73569ce8b14effdf9187c6.php (30).
[ 2016-01-12T22:24:54+08:00 ]NOTICE: Undefined index: atid/Applications/MAMP/htdocs/houdun/mogujie/Storage/view/compile/3b59274daa73569ce8b14effdf9187c6.php (32).
[ 2016-01-12T22:24:54+08:00 ]NOTICE: Undefined index: atid/Applications/MAMP/htdocs/houdun/mogujie/Storage/view/compile/3b59274daa73569ce8b14effdf9187c6.php (33).
[ 2016-01-12T22:24:54+08:00 ]NOTICE: Undefined index: atid/Applications/MAMP/htdocs/houdun/mogujie/Storage/view/compile/3b59274daa73569ce8b14effdf9187c6.php (29).
[ 2016-01-12T22:24:54+08:00 ]NOTICE: Undefined index: atname/Applications/MAMP/htdocs/houdun/mogujie/Storage/view/compile/3b59274daa73569ce8b14effdf9187c6.php (30).
[ 2016-01-12T22:24:54+08:00 ]NOTICE: Undefined index: atid/Applications/MAMP/htdocs/houdun/mogujie/Storage/view/compile/3b59274daa73569ce8b14effdf9187c6.php (32).
[ 2016-01-12T22:24:54+08:00 ]NOTICE: Undefined index: atid/Applications/MAMP/htdocs/houdun/mogujie/Storage/view/compile/3b59274daa73569ce8b14effdf9187c6.php (33).
[ 2016-01-12T22:24:54+08:00 ]NOTICE: Undefined index: atid/Applications/MAMP/htdocs/houdun/mogujie/Storage/view/compile/3b59274daa73569ce8b14effdf9187c6.php (29).
[ 2016-01-12T22:24:54+08:00 ]NOTICE: Undefined index: atname/Applications/MAMP/htdocs/houdun/mogujie/Storage/view/compile/3b59274daa73569ce8b14effdf9187c6.php (30).
[ 2016-01-12T22:24:54+08:00 ]NOTICE: Undefined index: atid/Applications/MAMP/htdocs/houdun/mogujie/Storage/view/compile/3b59274daa73569ce8b14effdf9187c6.php (32).
[ 2016-01-12T22:24:54+08:00 ]NOTICE: Undefined index: atid/Applications/MAMP/htdocs/houdun/mogujie/Storage/view/compile/3b59274daa73569ce8b14effdf9187c6.php (33).
[ 2016-01-12T22:24:54+08:00 ]NOTICE: Undefined index: atid/Applications/MAMP/htdocs/houdun/mogujie/Storage/view/compile/3b59274daa73569ce8b14effdf9187c6.php (29).
[ 2016-01-12T22:24:54+08:00 ]NOTICE: Undefined index: atname/Applications/MAMP/htdocs/houdun/mogujie/Storage/view/compile/3b59274daa73569ce8b14effdf9187c6.php (30).
[ 2016-01-12T22:24:54+08:00 ]NOTICE: Undefined index: atid/Applications/MAMP/htdocs/houdun/mogujie/Storage/view/compile/3b59274daa73569ce8b14effdf9187c6.php (32).
[ 2016-01-12T22:24:54+08:00 ]NOTICE: Undefined index: atid/Applications/MAMP/htdocs/houdun/mogujie/Storage/view/compile/3b59274daa73569ce8b14effdf9187c6.php (33).
[ 2016-01-12T22:24:54+08:00 ]NOTICE: Undefined index: atid/Applications/MAMP/htdocs/houdun/mogujie/Storage/view/compile/3b59274daa73569ce8b14effdf9187c6.php (29).
[ 2016-01-12T22:24:54+08:00 ]NOTICE: Undefined index: atname/Applications/MAMP/htdocs/houdun/mogujie/Storage/view/compile/3b59274daa73569ce8b14effdf9187c6.php (30).
[ 2016-01-12T22:24:54+08:00 ]NOTICE: Undefined index: atid/Applications/MAMP/htdocs/houdun/mogujie/Storage/view/compile/3b59274daa73569ce8b14effdf9187c6.php (32).
[ 2016-01-12T22:24:54+08:00 ]NOTICE: Undefined index: atid/Applications/MAMP/htdocs/houdun/mogujie/Storage/view/compile/3b59274daa73569ce8b14effdf9187c6.php (33).
[ 2016-01-12T22:24:54+08:00 ]NOTICE: Undefined index: atid/Applications/MAMP/htdocs/houdun/mogujie/Storage/view/compile/3b59274daa73569ce8b14effdf9187c6.php (29).
[ 2016-01-12T22:24:54+08:00 ]NOTICE: Undefined index: atname/Applications/MAMP/htdocs/houdun/mogujie/Storage/view/compile/3b59274daa73569ce8b14effdf9187c6.php (30).
[ 2016-01-12T22:24:54+08:00 ]NOTICE: Undefined index: atid/Applications/MAMP/htdocs/houdun/mogujie/Storage/view/compile/3b59274daa73569ce8b14effdf9187c6.php (32).
[ 2016-01-12T22:24:54+08:00 ]NOTICE: Undefined index: atid/Applications/MAMP/htdocs/houdun/mogujie/Storage/view/compile/3b59274daa73569ce8b14effdf9187c6.php (33).
[ 2016-01-12T22:24:54+08:00 ]NOTICE: Undefined index: atid/Applications/MAMP/htdocs/houdun/mogujie/Storage/view/compile/3b59274daa73569ce8b14effdf9187c6.php (29).
[ 2016-01-12T22:24:54+08:00 ]NOTICE: Undefined index: atname/Applications/MAMP/htdocs/houdun/mogujie/Storage/view/compile/3b59274daa73569ce8b14effdf9187c6.php (30).
[ 2016-01-12T22:24:54+08:00 ]NOTICE: Undefined index: atid/Applications/MAMP/htdocs/houdun/mogujie/Storage/view/compile/3b59274daa73569ce8b14effdf9187c6.php (32).
[ 2016-01-12T22:24:54+08:00 ]NOTICE: Undefined index: atid/Applications/MAMP/htdocs/houdun/mogujie/Storage/view/compile/3b59274daa73569ce8b14effdf9187c6.php (33).
[ 2016-01-12T22:24:54+08:00 ]NOTICE: Undefined index: atid/Applications/MAMP/htdocs/houdun/mogujie/Storage/view/compile/3b59274daa73569ce8b14effdf9187c6.php (29).
[ 2016-01-12T22:24:54+08:00 ]NOTICE: Undefined index: atname/Applications/MAMP/htdocs/houdun/mogujie/Storage/view/compile/3b59274daa73569ce8b14effdf9187c6.php (30).
[ 2016-01-12T22:24:54+08:00 ]NOTICE: Undefined index: atid/Applications/MAMP/htdocs/houdun/mogujie/Storage/view/compile/3b59274daa73569ce8b14effdf9187c6.php (32).
[ 2016-01-12T22:24:54+08:00 ]NOTICE: Undefined index: atid/Applications/MAMP/htdocs/houdun/mogujie/Storage/view/compile/3b59274daa73569ce8b14effdf9187c6.php (33).
[ 2016-01-12T22:24:54+08:00 ]NOTICE: Undefined index: atid/Applications/MAMP/htdocs/houdun/mogujie/Storage/view/compile/3b59274daa73569ce8b14effdf9187c6.php (29).
[ 2016-01-12T22:24:54+08:00 ]NOTICE: Undefined index: atname/Applications/MAMP/htdocs/houdun/mogujie/Storage/view/compile/3b59274daa73569ce8b14effdf9187c6.php (30).
[ 2016-01-12T22:24:54+08:00 ]NOTICE: Undefined index: atid/Applications/MAMP/htdocs/houdun/mogujie/Storage/view/compile/3b59274daa73569ce8b14effdf9187c6.php (32).
[ 2016-01-12T22:24:54+08:00 ]NOTICE: Undefined index: atid/Applications/MAMP/htdocs/houdun/mogujie/Storage/view/compile/3b59274daa73569ce8b14effdf9187c6.php (33).
[ 2016-01-12T22:27:38+08:00 ]EXCEPTION: show columns from `attrtype` ;BindParams:array (
)42S02;1146;Table 'mogujie.attrtype' doesn't exist
[ 2016-01-12T22:52:10+08:00 ]EXCEPTION: Admin\Controller\TagController 不存在
[ 2016-01-12T22:52:11+08:00 ]EXCEPTION: Admin\Controller\TagController 不存在
[ 2016-01-12T22:55:17+08:00 ]NOTICE: Undefined variable: tname/Applications/MAMP/htdocs/houdun/mogujie/Storage/view/compile/3b59274daa73569ce8b14effdf9187c6.php (20).
[ 2016-01-12T22:55:17+08:00 ]NOTICE: Illegal string offset 'atid'/Applications/MAMP/htdocs/houdun/mogujie/Storage/view/compile/3b59274daa73569ce8b14effdf9187c6.php (29).
[ 2016-01-12T22:55:17+08:00 ]NOTICE: Illegal string offset 'atname'/Applications/MAMP/htdocs/houdun/mogujie/Storage/view/compile/3b59274daa73569ce8b14effdf9187c6.php (30).
[ 2016-01-12T22:55:17+08:00 ]NOTICE: Illegal string offset 'atid'/Applications/MAMP/htdocs/houdun/mogujie/Storage/view/compile/3b59274daa73569ce8b14effdf9187c6.php (32).
[ 2016-01-12T22:55:17+08:00 ]NOTICE: Illegal string offset 'atid'/Applications/MAMP/htdocs/houdun/mogujie/Storage/view/compile/3b59274daa73569ce8b14effdf9187c6.php (33).
[ 2016-01-12T22:55:58+08:00 ]NOTICE: Undefined variable: tname/Applications/MAMP/htdocs/houdun/mogujie/Storage/view/compile/3b59274daa73569ce8b14effdf9187c6.php (20).
[ 2016-01-12T22:55:58+08:00 ]NOTICE: Undefined variable: attr/Applications/MAMP/htdocs/houdun/mogujie/Storage/view/compile/3b59274daa73569ce8b14effdf9187c6.php (27).
[ 2016-01-12T22:55:58+08:00 ]NOTICE: Invalid argument supplied for foreach()/Applications/MAMP/htdocs/houdun/mogujie/Storage/view/compile/3b59274daa73569ce8b14effdf9187c6.php (27).
[ 2016-01-12T22:56:46+08:00 ]NOTICE: Undefined variable: tname/Applications/MAMP/htdocs/houdun/mogujie/Storage/view/compile/3b59274daa73569ce8b14effdf9187c6.php (20).
[ 2016-01-12T22:56:46+08:00 ]NOTICE: Illegal string offset 'atid'/Applications/MAMP/htdocs/houdun/mogujie/Storage/view/compile/3b59274daa73569ce8b14effdf9187c6.php (29).
[ 2016-01-12T22:56:46+08:00 ]NOTICE: Illegal string offset 'atname'/Applications/MAMP/htdocs/houdun/mogujie/Storage/view/compile/3b59274daa73569ce8b14effdf9187c6.php (30).
[ 2016-01-12T22:56:46+08:00 ]NOTICE: Illegal string offset 'atid'/Applications/MAMP/htdocs/houdun/mogujie/Storage/view/compile/3b59274daa73569ce8b14effdf9187c6.php (32).
[ 2016-01-12T22:56:46+08:00 ]NOTICE: Illegal string offset 'atid'/Applications/MAMP/htdocs/houdun/mogujie/Storage/view/compile/3b59274daa73569ce8b14effdf9187c6.php (33).
[ 2016-01-12T22:57:12+08:00 ]NOTICE: Undefined variable: tname/Applications/MAMP/htdocs/houdun/mogujie/Storage/view/compile/3b59274daa73569ce8b14effdf9187c6.php (20).
[ 2016-01-12T22:57:12+08:00 ]NOTICE: Illegal string offset 'atid'/Applications/MAMP/htdocs/houdun/mogujie/Storage/view/compile/3b59274daa73569ce8b14effdf9187c6.php (29).
[ 2016-01-12T22:57:12+08:00 ]NOTICE: Illegal string offset 'atname'/Applications/MAMP/htdocs/houdun/mogujie/Storage/view/compile/3b59274daa73569ce8b14effdf9187c6.php (30).
[ 2016-01-12T22:57:12+08:00 ]NOTICE: Illegal string offset 'atid'/Applications/MAMP/htdocs/houdun/mogujie/Storage/view/compile/3b59274daa73569ce8b14effdf9187c6.php (32).
[ 2016-01-12T22:57:12+08:00 ]NOTICE: Illegal string offset 'atid'/Applications/MAMP/htdocs/houdun/mogujie/Storage/view/compile/3b59274daa73569ce8b14effdf9187c6.php (33).
