[ 2016-01-14T00:38:21+08:00 ]NOTICE: Undefined variable: linkData/Applications/MAMP/htdocs/houdun/mogujie/Storage/view/compile/0d76f5ffa3f8801ff70ffa722b2b72c2.php (29).
[ 2016-01-14T00:38:21+08:00 ]NOTICE: Invalid argument supplied for foreach()/Applications/MAMP/htdocs/houdun/mogujie/Storage/view/compile/0d76f5ffa3f8801ff70ffa722b2b72c2.php (29).
[ 2016-01-14T00:45:08+08:00 ]NOTICE: Undefined index: sort/Applications/MAMP/htdocs/houdun/mogujie/Storage/view/compile/0d76f5ffa3f8801ff70ffa722b2b72c2.php (34).
[ 2016-01-14T01:01:19+08:00 ]NOTICE: Undefined variable: bid/Applications/MAMP/htdocs/houdun/mogujie/App/Admin/Controller/BrandController.php (32).
[ 2016-01-14T01:01:19+08:00 ]EXCEPTION: DELETE FROM brand WHERE bid= ;BindParams:array (
)42000;1064;You have an error in your SQL syntax; check the manual that corresponds to your MySQL server version for the right syntax to use near '' at line 1
[ 2016-01-14T01:23:04+08:00 ]NOTICE: Undefined index: lid/Applications/MAMP/htdocs/houdun/mogujie/Storage/view/compile/6065a0cfc36993a376ec7e898d0df6a4.php (71).
[ 2016-01-14T08:41:05+08:00 ]EXCEPTION: SELECT  *  FROM category INNER JOIN type ON tid = type_id WHERE cid=14 LIMIT 1 ;BindParams:array (
)42S22;1054;Unknown column 'type_id' in 'on clause'
[ 2016-01-14T10:34:45+08:00 ]NOTICE: Undefined index: $k/Applications/MAMP/htdocs/houdun/mogujie/App/Admin/Model/Cate.php (59).
[ 2016-01-14T10:34:45+08:00 ]NOTICE: Argument 1 passed to Hdphp\Model\Model::save() must be of the type array, null given, called in /Applications/MAMP/htdocs/houdun/mogujie/App/Admin/Model/Cate.php on line 59 and defined/Applications/MAMP/htdocs/houdun/mogujie/Hdphp/Model/Model.php (533).
[ 2016-01-14T10:34:45+08:00 ]NOTICE: Undefined index: $k/Applications/MAMP/htdocs/houdun/mogujie/App/Admin/Model/Cate.php (59).
[ 2016-01-14T10:34:45+08:00 ]NOTICE: Argument 1 passed to Hdphp\Model\Model::save() must be of the type array, null given, called in /Applications/MAMP/htdocs/houdun/mogujie/App/Admin/Model/Cate.php on line 59 and defined/Applications/MAMP/htdocs/houdun/mogujie/Hdphp/Model/Model.php (533).
[ 2016-01-14T10:34:45+08:00 ]NOTICE: Undefined index: $k/Applications/MAMP/htdocs/houdun/mogujie/App/Admin/Model/Cate.php (59).
[ 2016-01-14T10:34:45+08:00 ]NOTICE: Argument 1 passed to Hdphp\Model\Model::save() must be of the type array, null given, called in /Applications/MAMP/htdocs/houdun/mogujie/App/Admin/Model/Cate.php on line 59 and defined/Applications/MAMP/htdocs/houdun/mogujie/Hdphp/Model/Model.php (533).
[ 2016-01-14T10:34:45+08:00 ]NOTICE: Undefined index: $k/Applications/MAMP/htdocs/houdun/mogujie/App/Admin/Model/Cate.php (59).
[ 2016-01-14T10:34:45+08:00 ]NOTICE: Argument 1 passed to Hdphp\Model\Model::save() must be of the type array, null given, called in /Applications/MAMP/htdocs/houdun/mogujie/App/Admin/Model/Cate.php on line 59 and defined/Applications/MAMP/htdocs/houdun/mogujie/Hdphp/Model/Model.php (533).
[ 2016-01-14T10:34:45+08:00 ]NOTICE: Undefined index: $k/Applications/MAMP/htdocs/houdun/mogujie/App/Admin/Model/Cate.php (59).
[ 2016-01-14T10:34:45+08:00 ]NOTICE: Argument 1 passed to Hdphp\Model\Model::save() must be of the type array, null given, called in /Applications/MAMP/htdocs/houdun/mogujie/App/Admin/Model/Cate.php on line 59 and defined/Applications/MAMP/htdocs/houdun/mogujie/Hdphp/Model/Model.php (533).
[ 2016-01-14T10:35:37+08:00 ]NOTICE: Undefined index: $k/Applications/MAMP/htdocs/houdun/mogujie/App/Admin/Model/Cate.php (59).
[ 2016-01-14T10:35:37+08:00 ]NOTICE: Argument 1 passed to Hdphp\Model\Model::save() must be of the type array, null given, called in /Applications/MAMP/htdocs/houdun/mogujie/App/Admin/Model/Cate.php on line 59 and defined/Applications/MAMP/htdocs/houdun/mogujie/Hdphp/Model/Model.php (533).
[ 2016-01-14T10:35:37+08:00 ]NOTICE: Undefined index: $k/Applications/MAMP/htdocs/houdun/mogujie/App/Admin/Model/Cate.php (59).
[ 2016-01-14T10:35:37+08:00 ]NOTICE: Argument 1 passed to Hdphp\Model\Model::save() must be of the type array, null given, called in /Applications/MAMP/htdocs/houdun/mogujie/App/Admin/Model/Cate.php on line 59 and defined/Applications/MAMP/htdocs/houdun/mogujie/Hdphp/Model/Model.php (533).
[ 2016-01-14T10:35:37+08:00 ]NOTICE: Undefined index: $k/Applications/MAMP/htdocs/houdun/mogujie/App/Admin/Model/Cate.php (59).
[ 2016-01-14T10:35:37+08:00 ]NOTICE: Argument 1 passed to Hdphp\Model\Model::save() must be of the type array, null given, called in /Applications/MAMP/htdocs/houdun/mogujie/App/Admin/Model/Cate.php on line 59 and defined/Applications/MAMP/htdocs/houdun/mogujie/Hdphp/Model/Model.php (533).
[ 2016-01-14T10:35:37+08:00 ]NOTICE: Undefined index: $k/Applications/MAMP/htdocs/houdun/mogujie/App/Admin/Model/Cate.php (59).
[ 2016-01-14T10:35:37+08:00 ]NOTICE: Argument 1 passed to Hdphp\Model\Model::save() must be of the type array, null given, called in /Applications/MAMP/htdocs/houdun/mogujie/App/Admin/Model/Cate.php on line 59 and defined/Applications/MAMP/htdocs/houdun/mogujie/Hdphp/Model/Model.php (533).
[ 2016-01-14T10:35:37+08:00 ]NOTICE: Undefined index: $k/Applications/MAMP/htdocs/houdun/mogujie/App/Admin/Model/Cate.php (59).
[ 2016-01-14T10:35:37+08:00 ]NOTICE: Argument 1 passed to Hdphp\Model\Model::save() must be of the type array, null given, called in /Applications/MAMP/htdocs/houdun/mogujie/App/Admin/Model/Cate.php on line 59 and defined/Applications/MAMP/htdocs/houdun/mogujie/Hdphp/Model/Model.php (533).
[ 2016-01-14T10:36:17+08:00 ]NOTICE: Argument 1 passed to Hdphp\Model\Model::save() must be of the type array, string given, called in /Applications/MAMP/htdocs/houdun/mogujie/App/Admin/Model/Cate.php on line 59 and defined/Applications/MAMP/htdocs/houdun/mogujie/Hdphp/Model/Model.php (533).
[ 2016-01-14T10:36:17+08:00 ]EXCEPTION: 1020 ;BindParams:array (
)42000;1064;You have an error in your SQL syntax; check the manual that corresponds to your MySQL server version for the right syntax to use near '1020' at line 1
[ 2016-01-14T10:49:21+08:00 ]NOTICE: Argument 1 passed to Hdphp\Model\Model::save() must be of the type array, string given, called in /Applications/MAMP/htdocs/houdun/mogujie/App/Admin/Model/Cate.php on line 63 and defined/Applications/MAMP/htdocs/houdun/mogujie/Hdphp/Model/Model.php (533).
[ 2016-01-14T10:49:21+08:00 ]EXCEPTION: 10 ;BindParams:array (
)42000;1064;You have an error in your SQL syntax; check the manual that corresponds to your MySQL server version for the right syntax to use near '10' at line 1
