[ 2016-01-17T22:24:46+08:00 ]NOTICE: Undefined index: pics/Applications/MAMP/htdocs/houdun/mogujie/App/Admin/Model/Goods.php (33).
[ 2016-01-17T22:24:46+08:00 ]NOTICE: implode(): Invalid arguments passed/Applications/MAMP/htdocs/houdun/mogujie/App/Admin/Model/Goods.php (33).
[ 2016-01-17T22:24:46+08:00 ]NOTICE: Undefined index: goods_content/Applications/MAMP/htdocs/houdun/mogujie/App/Admin/Model/Goods.php (39).
[ 2016-01-17T22:24:46+08:00 ]NOTICE: Undefined index: goods_service/Applications/MAMP/htdocs/houdun/mogujie/App/Admin/Model/Goods.php (40).
[ 2016-01-17T22:24:46+08:00 ]EXCEPTION: INSERT INTO goods_content (`l_pics`,`m_pics`,`b_pics`,`goods_content`,`goods_service`,`goods_gid`)VALUES(?,?,?,?,?,?) ;BindParams:array (
  0 => NULL,
  1 => NULL,
  2 => NULL,
  3 => NULL,
  4 => NULL,
  5 => '16',
)23000;1048;Column 'l_pics' cannot be null
[ 2016-01-17T22:25:49+08:00 ]NOTICE: Array to string conversion/Applications/MAMP/htdocs/houdun/mogujie/Hdphp/Db/Mysql.php (204).
[ 2016-01-17T22:25:49+08:00 ]EXCEPTION: INSERT INTO goods_type (`type_attr_taid`,`g_type_value`,`goods_gid`)VALUES(?,?,?) ;BindParams:array (
  0 => 12,
  1 => 
  array (
    0 => '牛仔',
  ),
  2 => '17',
)42S22;1054;Unknown column 'type_attr_taid' in 'field list'
[ 2016-01-17T22:28:35+08:00 ]NOTICE: Array to string conversion/Applications/MAMP/htdocs/houdun/mogujie/Hdphp/Db/Mysql.php (204).
[ 2016-01-17T22:28:35+08:00 ]EXCEPTION: INSERT INTO goods_type (`attr_type__atid`,`g_type_value`,`goods_gid`)VALUES(?,?,?) ;BindParams:array (
  0 => 12,
  1 => 
  array (
    0 => '可爱',
  ),
  2 => '18',
)42S22;1054;Unknown column 'attr_type__atid' in 'field list'
[ 2016-01-17T22:32:30+08:00 ]NOTICE: Array to string conversion/Applications/MAMP/htdocs/houdun/mogujie/Hdphp/Db/Mysql.php (204).
[ 2016-01-17T22:32:30+08:00 ]NOTICE: Array to string conversion/Applications/MAMP/htdocs/houdun/mogujie/Hdphp/Db/Mysql.php (204).
[ 2016-01-17T22:32:30+08:00 ]NOTICE: Array to string conversion/Applications/MAMP/htdocs/houdun/mogujie/Hdphp/Db/Mysql.php (204).
[ 2016-01-17T22:50:49+08:00 ]NOTICE: Undefined variable: gid/Applications/MAMP/htdocs/houdun/mogujie/App/Admin/Model/Goods.php (73).
[ 2016-01-17T22:50:49+08:00 ]EXCEPTION: INSERT INTO goods_type (`g_type_value`,`g_other_price`,`attr_type_atid`,`goods_gid`)VALUES(?,?,?,?) ;BindParams:array (
  0 => '绿',
  1 => 10,
  2 => 20,
  3 => NULL,
)23000;1048;Column 'goods_gid' cannot be null
