[ 2016-01-19T09:40:22+08:00 ]NOTICE: Undefined variable: cateData/Applications/MAMP/htdocs/houdun/mogujie/Storage/view/compile/d1789a3e220e607bb98342c6e716939b.php (107).
[ 2016-01-19T09:40:22+08:00 ]NOTICE: Invalid argument supplied for foreach()/Applications/MAMP/htdocs/houdun/mogujie/Storage/view/compile/d1789a3e220e607bb98342c6e716939b.php (107).
[ 2016-01-19T09:40:22+08:00 ]NOTICE: Undefined variable: brandData/Applications/MAMP/htdocs/houdun/mogujie/Storage/view/compile/d1789a3e220e607bb98342c6e716939b.php (118).
[ 2016-01-19T09:40:22+08:00 ]NOTICE: Invalid argument supplied for foreach()/Applications/MAMP/htdocs/houdun/mogujie/Storage/view/compile/d1789a3e220e607bb98342c6e716939b.php (118).
[ 2016-01-19T09:40:31+08:00 ]NOTICE: Undefined variable: cateData/Applications/MAMP/htdocs/houdun/mogujie/Storage/view/compile/d1789a3e220e607bb98342c6e716939b.php (107).
[ 2016-01-19T09:40:31+08:00 ]NOTICE: Invalid argument supplied for foreach()/Applications/MAMP/htdocs/houdun/mogujie/Storage/view/compile/d1789a3e220e607bb98342c6e716939b.php (107).
[ 2016-01-19T09:40:31+08:00 ]NOTICE: Undefined variable: brandData/Applications/MAMP/htdocs/houdun/mogujie/Storage/view/compile/d1789a3e220e607bb98342c6e716939b.php (118).
[ 2016-01-19T09:40:31+08:00 ]NOTICE: Invalid argument supplied for foreach()/Applications/MAMP/htdocs/houdun/mogujie/Storage/view/compile/d1789a3e220e607bb98342c6e716939b.php (118).
[ 2016-01-19T09:43:23+08:00 ]NOTICE: Undefined variable: brandData/Applications/MAMP/htdocs/houdun/mogujie/Storage/view/compile/d1789a3e220e607bb98342c6e716939b.php (118).
[ 2016-01-19T09:43:23+08:00 ]NOTICE: Invalid argument supplied for foreach()/Applications/MAMP/htdocs/houdun/mogujie/Storage/view/compile/d1789a3e220e607bb98342c6e716939b.php (118).
[ 2016-01-19T09:49:45+08:00 ]NOTICE: Undefined index: category_cid/Applications/MAMP/htdocs/houdun/mogujie/Storage/view/compile/d1789a3e220e607bb98342c6e716939b.php (108).
[ 2016-01-19T09:49:45+08:00 ]NOTICE: Undefined index: category_cid/Applications/MAMP/htdocs/houdun/mogujie/Storage/view/compile/d1789a3e220e607bb98342c6e716939b.php (108).
[ 2016-01-19T09:49:45+08:00 ]NOTICE: Undefined index: category_cid/Applications/MAMP/htdocs/houdun/mogujie/Storage/view/compile/d1789a3e220e607bb98342c6e716939b.php (108).
[ 2016-01-19T09:49:45+08:00 ]NOTICE: Undefined index: category_cid/Applications/MAMP/htdocs/houdun/mogujie/Storage/view/compile/d1789a3e220e607bb98342c6e716939b.php (108).
[ 2016-01-19T09:49:45+08:00 ]NOTICE: Undefined index: category_cid/Applications/MAMP/htdocs/houdun/mogujie/Storage/view/compile/d1789a3e220e607bb98342c6e716939b.php (108).
[ 2016-01-19T09:49:45+08:00 ]NOTICE: Undefined index: category_cid/Applications/MAMP/htdocs/houdun/mogujie/Storage/view/compile/d1789a3e220e607bb98342c6e716939b.php (108).
[ 2016-01-19T09:49:45+08:00 ]NOTICE: Undefined index: category_cid/Applications/MAMP/htdocs/houdun/mogujie/Storage/view/compile/d1789a3e220e607bb98342c6e716939b.php (108).
[ 2016-01-19T09:49:45+08:00 ]NOTICE: Undefined index: category_cid/Applications/MAMP/htdocs/houdun/mogujie/Storage/view/compile/d1789a3e220e607bb98342c6e716939b.php (108).
[ 2016-01-19T09:50:44+08:00 ]NOTICE: Undefined index: category_cid/Applications/MAMP/htdocs/houdun/mogujie/Storage/view/compile/d1789a3e220e607bb98342c6e716939b.php (108).
[ 2016-01-19T09:50:44+08:00 ]NOTICE: Undefined index: category_cid/Applications/MAMP/htdocs/houdun/mogujie/Storage/view/compile/d1789a3e220e607bb98342c6e716939b.php (108).
[ 2016-01-19T09:50:44+08:00 ]NOTICE: Undefined index: category_cid/Applications/MAMP/htdocs/houdun/mogujie/Storage/view/compile/d1789a3e220e607bb98342c6e716939b.php (108).
[ 2016-01-19T09:50:44+08:00 ]NOTICE: Undefined index: category_cid/Applications/MAMP/htdocs/houdun/mogujie/Storage/view/compile/d1789a3e220e607bb98342c6e716939b.php (108).
[ 2016-01-19T09:50:44+08:00 ]NOTICE: Undefined index: category_cid/Applications/MAMP/htdocs/houdun/mogujie/Storage/view/compile/d1789a3e220e607bb98342c6e716939b.php (108).
[ 2016-01-19T09:50:44+08:00 ]NOTICE: Undefined index: category_cid/Applications/MAMP/htdocs/houdun/mogujie/Storage/view/compile/d1789a3e220e607bb98342c6e716939b.php (108).
[ 2016-01-19T09:50:44+08:00 ]NOTICE: Undefined index: category_cid/Applications/MAMP/htdocs/houdun/mogujie/Storage/view/compile/d1789a3e220e607bb98342c6e716939b.php (108).
[ 2016-01-19T09:50:44+08:00 ]NOTICE: Undefined index: category_cid/Applications/MAMP/htdocs/houdun/mogujie/Storage/view/compile/d1789a3e220e607bb98342c6e716939b.php (108).
[ 2016-01-19T10:15:36+08:00 ]NOTICE: Undefined index: m_pics/Applications/MAMP/htdocs/houdun/mogujie/Storage/view/compile/d1789a3e220e607bb98342c6e716939b.php (308).
[ 2016-01-19T10:15:36+08:00 ]NOTICE: Invalid argument supplied for foreach()/Applications/MAMP/htdocs/houdun/mogujie/Storage/view/compile/d1789a3e220e607bb98342c6e716939b.php (308).
[ 2016-01-19T10:16:32+08:00 ]NOTICE: Undefined index: m_pics/Applications/MAMP/htdocs/houdun/mogujie/Storage/view/compile/d1789a3e220e607bb98342c6e716939b.php (308).
[ 2016-01-19T10:16:32+08:00 ]NOTICE: Invalid argument supplied for foreach()/Applications/MAMP/htdocs/houdun/mogujie/Storage/view/compile/d1789a3e220e607bb98342c6e716939b.php (308).
