[ 2016-01-27T01:44:37+08:00 ]NOTICE: Use of undefined constant img - assumed 'img'/Applications/MAMP/htdocs/houdun/mogujie/Storage/view/compile/2423d97aa5ac687e891a5fe801f81b73.php (5).
[ 2016-01-27T01:44:37+08:00 ]NOTICE: Use of undefined constant img - assumed 'img'/Applications/MAMP/htdocs/houdun/mogujie/Storage/view/compile/2423d97aa5ac687e891a5fe801f81b73.php (5).
[ 2016-01-27T01:47:05+08:00 ]NOTICE: Use of undefined constant img - assumed 'img'/Applications/MAMP/htdocs/houdun/mogujie/Storage/view/compile/2423d97aa5ac687e891a5fe801f81b73.php (5).
[ 2016-01-27T01:47:05+08:00 ]NOTICE: Use of undefined constant img - assumed 'img'/Applications/MAMP/htdocs/houdun/mogujie/Storage/view/compile/2423d97aa5ac687e891a5fe801f81b73.php (5).
[ 2016-01-27T01:47:05+08:00 ]NOTICE: Illegal string offset 'name'/Applications/MAMP/htdocs/houdun/mogujie/Storage/view/compile/2423d97aa5ac687e891a5fe801f81b73.php (39).
[ 2016-01-27T01:47:05+08:00 ]NOTICE: Illegal string offset 'price'/Applications/MAMP/htdocs/houdun/mogujie/Storage/view/compile/2423d97aa5ac687e891a5fe801f81b73.php (40).
[ 2016-01-27T01:47:05+08:00 ]NOTICE: Illegal string offset 'options'/Applications/MAMP/htdocs/houdun/mogujie/Storage/view/compile/2423d97aa5ac687e891a5fe801f81b73.php (41).
[ 2016-01-27T01:47:05+08:00 ]NOTICE: Illegal string offset 'color'/Applications/MAMP/htdocs/houdun/mogujie/Storage/view/compile/2423d97aa5ac687e891a5fe801f81b73.php (41).
[ 2016-01-27T01:47:05+08:00 ]NOTICE: Illegal string offset 'options'/Applications/MAMP/htdocs/houdun/mogujie/Storage/view/compile/2423d97aa5ac687e891a5fe801f81b73.php (41).
[ 2016-01-27T01:47:05+08:00 ]NOTICE: Illegal string offset 'size'/Applications/MAMP/htdocs/houdun/mogujie/Storage/view/compile/2423d97aa5ac687e891a5fe801f81b73.php (41).
[ 2016-01-27T01:47:35+08:00 ]NOTICE: Use of undefined constant img - assumed 'img'/Applications/MAMP/htdocs/houdun/mogujie/Storage/view/compile/2423d97aa5ac687e891a5fe801f81b73.php (5).
[ 2016-01-27T01:47:35+08:00 ]NOTICE: Use of undefined constant img - assumed 'img'/Applications/MAMP/htdocs/houdun/mogujie/Storage/view/compile/2423d97aa5ac687e891a5fe801f81b73.php (5).
[ 2016-01-27T01:47:35+08:00 ]NOTICE: Illegal string offset 'name'/Applications/MAMP/htdocs/houdun/mogujie/Storage/view/compile/2423d97aa5ac687e891a5fe801f81b73.php (39).
[ 2016-01-27T01:47:35+08:00 ]NOTICE: Illegal string offset 'price'/Applications/MAMP/htdocs/houdun/mogujie/Storage/view/compile/2423d97aa5ac687e891a5fe801f81b73.php (40).
[ 2016-01-27T01:47:35+08:00 ]NOTICE: Illegal string offset 'options'/Applications/MAMP/htdocs/houdun/mogujie/Storage/view/compile/2423d97aa5ac687e891a5fe801f81b73.php (41).
[ 2016-01-27T01:47:35+08:00 ]NOTICE: Illegal string offset 'color'/Applications/MAMP/htdocs/houdun/mogujie/Storage/view/compile/2423d97aa5ac687e891a5fe801f81b73.php (41).
[ 2016-01-27T01:47:35+08:00 ]NOTICE: Illegal string offset 'options'/Applications/MAMP/htdocs/houdun/mogujie/Storage/view/compile/2423d97aa5ac687e891a5fe801f81b73.php (41).
[ 2016-01-27T01:47:35+08:00 ]NOTICE: Illegal string offset 'size'/Applications/MAMP/htdocs/houdun/mogujie/Storage/view/compile/2423d97aa5ac687e891a5fe801f81b73.php (41).
[ 2016-01-27T01:48:13+08:00 ]NOTICE: Use of undefined constant img - assumed 'img'/Applications/MAMP/htdocs/houdun/mogujie/Storage/view/compile/2423d97aa5ac687e891a5fe801f81b73.php (5).
[ 2016-01-27T01:48:13+08:00 ]NOTICE: Use of undefined constant img - assumed 'img'/Applications/MAMP/htdocs/houdun/mogujie/Storage/view/compile/2423d97aa5ac687e891a5fe801f81b73.php (5).
[ 2016-01-27T01:49:01+08:00 ]NOTICE: Use of undefined constant img - assumed 'img'/Applications/MAMP/htdocs/houdun/mogujie/Storage/view/compile/2423d97aa5ac687e891a5fe801f81b73.php (5).
[ 2016-01-27T01:49:01+08:00 ]NOTICE: Use of undefined constant img - assumed 'img'/Applications/MAMP/htdocs/houdun/mogujie/Storage/view/compile/2423d97aa5ac687e891a5fe801f81b73.php (5).
[ 2016-01-27T01:54:03+08:00 ]NOTICE: Use of undefined constant img - assumed 'img'/Applications/MAMP/htdocs/houdun/mogujie/Storage/view/compile/2423d97aa5ac687e891a5fe801f81b73.php (5).
[ 2016-01-27T01:54:03+08:00 ]NOTICE: Use of undefined constant img - assumed 'img'/Applications/MAMP/htdocs/houdun/mogujie/Storage/view/compile/2423d97aa5ac687e891a5fe801f81b73.php (5).
[ 2016-01-27T08:45:18+08:00 ]NOTICE: Invalid argument supplied for foreach()/Applications/MAMP/htdocs/houdun/mogujie/Storage/view/compile/2423d97aa5ac687e891a5fe801f81b73.php (4).
[ 2016-01-27T08:45:18+08:00 ]NOTICE: Invalid argument supplied for foreach()/Applications/MAMP/htdocs/houdun/mogujie/Storage/view/compile/2423d97aa5ac687e891a5fe801f81b73.php (36).
[ 2016-01-27T08:58:15+08:00 ]NOTICE: Use of undefined constant img - assumed 'img'/Applications/MAMP/htdocs/houdun/mogujie/Storage/view/compile/2423d97aa5ac687e891a5fe801f81b73.php (6).
[ 2016-01-27T08:58:39+08:00 ]NOTICE: Use of undefined constant img - assumed 'img'/Applications/MAMP/htdocs/houdun/mogujie/Storage/view/compile/2423d97aa5ac687e891a5fe801f81b73.php (6).
[ 2016-01-27T09:00:26+08:00 ]NOTICE: Use of undefined constant img - assumed 'img'/Applications/MAMP/htdocs/houdun/mogujie/Storage/view/compile/2423d97aa5ac687e891a5fe801f81b73.php (6).
[ 2016-01-27T09:00:46+08:00 ]NOTICE: Use of undefined constant img - assumed 'img'/Applications/MAMP/htdocs/houdun/mogujie/Storage/view/compile/2423d97aa5ac687e891a5fe801f81b73.php (6).
[ 2016-01-27T09:00:47+08:00 ]NOTICE: Use of undefined constant img - assumed 'img'/Applications/MAMP/htdocs/houdun/mogujie/Storage/view/compile/2423d97aa5ac687e891a5fe801f81b73.php (6).
[ 2016-01-27T09:00:48+08:00 ]NOTICE: Use of undefined constant img - assumed 'img'/Applications/MAMP/htdocs/houdun/mogujie/Storage/view/compile/2423d97aa5ac687e891a5fe801f81b73.php (6).
[ 2016-01-27T09:00:49+08:00 ]NOTICE: Use of undefined constant img - assumed 'img'/Applications/MAMP/htdocs/houdun/mogujie/Storage/view/compile/2423d97aa5ac687e891a5fe801f81b73.php (6).
[ 2016-01-27T09:00:56+08:00 ]NOTICE: Use of undefined constant img - assumed 'img'/Applications/MAMP/htdocs/houdun/mogujie/Storage/view/compile/2423d97aa5ac687e891a5fe801f81b73.php (6).
[ 2016-01-27T09:00:56+08:00 ]NOTICE: Use of undefined constant img - assumed 'img'/Applications/MAMP/htdocs/houdun/mogujie/Storage/view/compile/2423d97aa5ac687e891a5fe801f81b73.php (6).
[ 2016-01-27T09:02:05+08:00 ]NOTICE: Use of undefined constant imgs - assumed 'imgs'/Applications/MAMP/htdocs/houdun/mogujie/Storage/view/compile/2423d97aa5ac687e891a5fe801f81b73.php (6).
[ 2016-01-27T09:02:05+08:00 ]NOTICE: Use of undefined constant imgs - assumed 'imgs'/Applications/MAMP/htdocs/houdun/mogujie/Storage/view/compile/2423d97aa5ac687e891a5fe801f81b73.php (6).
[ 2016-01-27T09:03:34+08:00 ]NOTICE: Use of undefined constant imgs - assumed 'imgs'/Applications/MAMP/htdocs/houdun/mogujie/Storage/view/compile/2423d97aa5ac687e891a5fe801f81b73.php (6).
[ 2016-01-27T09:03:34+08:00 ]NOTICE: Use of undefined constant imgs - assumed 'imgs'/Applications/MAMP/htdocs/houdun/mogujie/Storage/view/compile/2423d97aa5ac687e891a5fe801f81b73.php (6).
[ 2016-01-27T09:06:09+08:00 ]NOTICE: Undefined index: imgs/Applications/MAMP/htdocs/houdun/mogujie/Storage/view/compile/2423d97aa5ac687e891a5fe801f81b73.php (42).
[ 2016-01-27T09:06:09+08:00 ]NOTICE: Undefined index: imgs/Applications/MAMP/htdocs/houdun/mogujie/Storage/view/compile/2423d97aa5ac687e891a5fe801f81b73.php (42).
[ 2016-01-27T09:09:10+08:00 ]NOTICE: Use of undefined constant imgs - assumed 'imgs'/Applications/MAMP/htdocs/houdun/mogujie/Storage/view/compile/2423d97aa5ac687e891a5fe801f81b73.php (6).
[ 2016-01-27T09:09:10+08:00 ]NOTICE: Use of undefined constant imgs - assumed 'imgs'/Applications/MAMP/htdocs/houdun/mogujie/Storage/view/compile/2423d97aa5ac687e891a5fe801f81b73.php (6).
[ 2016-01-27T09:10:36+08:00 ]NOTICE: Use of undefined constant imgs - assumed 'imgs'/Applications/MAMP/htdocs/houdun/mogujie/Storage/view/compile/2423d97aa5ac687e891a5fe801f81b73.php (6).
[ 2016-01-27T09:10:36+08:00 ]NOTICE: Use of undefined constant imgs - assumed 'imgs'/Applications/MAMP/htdocs/houdun/mogujie/Storage/view/compile/2423d97aa5ac687e891a5fe801f81b73.php (6).
[ 2016-01-27T09:11:03+08:00 ]NOTICE: Use of undefined constant imgs - assumed 'imgs'/Applications/MAMP/htdocs/houdun/mogujie/Storage/view/compile/2423d97aa5ac687e891a5fe801f81b73.php (6).
[ 2016-01-27T09:11:03+08:00 ]NOTICE: Use of undefined constant imgs - assumed 'imgs'/Applications/MAMP/htdocs/houdun/mogujie/Storage/view/compile/2423d97aa5ac687e891a5fe801f81b73.php (6).
[ 2016-01-27T09:11:10+08:00 ]NOTICE: Use of undefined constant imgs - assumed 'imgs'/Applications/MAMP/htdocs/houdun/mogujie/Storage/view/compile/2423d97aa5ac687e891a5fe801f81b73.php (6).
[ 2016-01-27T09:11:10+08:00 ]NOTICE: Use of undefined constant imgs - assumed 'imgs'/Applications/MAMP/htdocs/houdun/mogujie/Storage/view/compile/2423d97aa5ac687e891a5fe801f81b73.php (6).
[ 2016-01-27T09:23:22+08:00 ]NOTICE: Use of undefined constant imgs - assumed 'imgs'/Applications/MAMP/htdocs/houdun/mogujie/Storage/view/compile/2423d97aa5ac687e891a5fe801f81b73.php (6).
[ 2016-01-27T09:23:22+08:00 ]NOTICE: Use of undefined constant imgs - assumed 'imgs'/Applications/MAMP/htdocs/houdun/mogujie/Storage/view/compile/2423d97aa5ac687e891a5fe801f81b73.php (6).
[ 2016-01-27T09:24:25+08:00 ]NOTICE: Use of undefined constant imgs - assumed 'imgs'/Applications/MAMP/htdocs/houdun/mogujie/Storage/view/compile/2423d97aa5ac687e891a5fe801f81b73.php (6).
[ 2016-01-27T09:24:25+08:00 ]NOTICE: Use of undefined constant imgs - assumed 'imgs'/Applications/MAMP/htdocs/houdun/mogujie/Storage/view/compile/2423d97aa5ac687e891a5fe801f81b73.php (6).
[ 2016-01-27T09:29:02+08:00 ]NOTICE: Use of undefined constant imgs - assumed 'imgs'/Applications/MAMP/htdocs/houdun/mogujie/App/Home/Controller/CartController.php (20).
[ 2016-01-27T09:29:15+08:00 ]NOTICE: Use of undefined constant imgs - assumed 'imgs'/Applications/MAMP/htdocs/houdun/mogujie/App/Home/Controller/CartController.php (20).
[ 2016-01-27T09:30:38+08:00 ]NOTICE: Use of undefined constant imgs - assumed 'imgs'/Applications/MAMP/htdocs/houdun/mogujie/App/Home/Controller/CartController.php (20).
[ 2016-01-27T09:31:27+08:00 ]NOTICE: Use of undefined constant imgs - assumed 'imgs'/Applications/MAMP/htdocs/houdun/mogujie/App/Home/Controller/CartController.php (19).
[ 2016-01-27T09:31:27+08:00 ]EXCEPTION: SELECT  *  FROM goods WHERE gid="{$v["id"]}" LIMIT 1 ;BindParams:array (
)42000;1064;You have an error in your SQL syntax; check the manual that corresponds to your MySQL server version for the right syntax to use near 'id"]}" LIMIT 1' at line 1
[ 2016-01-27T09:32:15+08:00 ]NOTICE: Use of undefined constant imgs - assumed 'imgs'/Applications/MAMP/htdocs/houdun/mogujie/App/Home/Controller/CartController.php (20).
[ 2016-01-27T09:32:15+08:00 ]NOTICE: Use of undefined constant imgs - assumed 'imgs'/Applications/MAMP/htdocs/houdun/mogujie/App/Home/Controller/CartController.php (20).
[ 2016-01-27T09:32:30+08:00 ]NOTICE: Use of undefined constant imgs - assumed 'imgs'/Applications/MAMP/htdocs/houdun/mogujie/App/Home/Controller/CartController.php (20).
[ 2016-01-27T09:32:30+08:00 ]NOTICE: Use of undefined constant imgs - assumed 'imgs'/Applications/MAMP/htdocs/houdun/mogujie/App/Home/Controller/CartController.php (20).
[ 2016-01-27T09:33:32+08:00 ]NOTICE: Use of undefined constant imgs - assumed 'imgs'/Applications/MAMP/htdocs/houdun/mogujie/App/Home/Controller/CartController.php (21).
[ 2016-01-27T09:33:32+08:00 ]NOTICE: Use of undefined constant imgs - assumed 'imgs'/Applications/MAMP/htdocs/houdun/mogujie/App/Home/Controller/CartController.php (21).
[ 2016-01-27T09:34:43+08:00 ]NOTICE: Use of undefined constant imgs - assumed 'imgs'/Applications/MAMP/htdocs/houdun/mogujie/App/Home/Controller/CartController.php (21).
[ 2016-01-27T09:34:43+08:00 ]NOTICE: Use of undefined constant imgs - assumed 'imgs'/Applications/MAMP/htdocs/houdun/mogujie/App/Home/Controller/CartController.php (21).
[ 2016-01-27T09:38:45+08:00 ]NOTICE: Use of undefined constant imgs - assumed 'imgs'/Applications/MAMP/htdocs/houdun/mogujie/App/Home/Controller/CartController.php (21).
[ 2016-01-27T09:38:45+08:00 ]NOTICE: Use of undefined constant imgs - assumed 'imgs'/Applications/MAMP/htdocs/houdun/mogujie/App/Home/Controller/CartController.php (21).
[ 2016-01-27T10:30:55+08:00 ]NOTICE: Undefined offset: 17492/Applications/MAMP/htdocs/houdun/mogujie/App/Home/Controller/CartController.php (37).
[ 2016-01-27T11:41:17+08:00 ]NOTICE: Invalid argument supplied for foreach()/Applications/MAMP/htdocs/houdun/mogujie/App/Home/Controller/CartController.php (21).
[ 2016-01-27T11:41:17+08:00 ]NOTICE: Invalid argument supplied for foreach()/Applications/MAMP/htdocs/houdun/mogujie/Storage/view/compile/2de049ed93926d6670b5e788c68c3e51.php (96).
[ 2016-01-27T13:49:31+08:00 ]NOTICE: Invalid argument supplied for foreach()/Applications/MAMP/htdocs/houdun/mogujie/Storage/view/compile/f6014a4752e7212ab6b6ff6e910ab0d6.php (7).
[ 2016-01-27T14:01:28+08:00 ]NOTICE: Undefined variable: nums/Applications/MAMP/htdocs/houdun/mogujie/Storage/view/compile/2de049ed93926d6670b5e788c68c3e51.php (80).
[ 2016-01-27T14:01:28+08:00 ]NOTICE: Undefined variable: all_m/Applications/MAMP/htdocs/houdun/mogujie/Storage/view/compile/2de049ed93926d6670b5e788c68c3e51.php (148).
[ 2016-01-27T14:01:28+08:00 ]NOTICE: Undefined variable: nums/Applications/MAMP/htdocs/houdun/mogujie/Storage/view/compile/2de049ed93926d6670b5e788c68c3e51.php (150).
[ 2016-01-27T14:02:30+08:00 ]NOTICE: Undefined variable: nums/Applications/MAMP/htdocs/houdun/mogujie/Storage/view/compile/2de049ed93926d6670b5e788c68c3e51.php (80).
[ 2016-01-27T14:02:30+08:00 ]NOTICE: Undefined variable: all_m/Applications/MAMP/htdocs/houdun/mogujie/Storage/view/compile/2de049ed93926d6670b5e788c68c3e51.php (148).
[ 2016-01-27T14:02:30+08:00 ]NOTICE: Undefined variable: nums/Applications/MAMP/htdocs/houdun/mogujie/Storage/view/compile/2de049ed93926d6670b5e788c68c3e51.php (150).
[ 2016-01-27T14:18:36+08:00 ]NOTICE: Invalid argument supplied for foreach()/Applications/MAMP/htdocs/houdun/mogujie/Storage/view/compile/f6014a4752e7212ab6b6ff6e910ab0d6.php (7).
[ 2016-01-27T15:45:23+08:00 ]NOTICE: Undefined index: goUrl/Applications/MAMP/htdocs/houdun/mogujie/App/Home/Controller/LoginController.php (37).
[ 2016-01-27T15:45:23+08:00 ]NOTICE: Undefined index: goUrl/Applications/MAMP/htdocs/houdun/mogujie/App/Home/Controller/LoginController.php (37).
[ 2016-01-27T15:45:23+08:00 ]NOTICE: Undefined index: goUrl/Applications/MAMP/htdocs/houdun/mogujie/App/Home/Controller/LoginController.php (37).
[ 2016-01-27T15:45:23+08:00 ]NOTICE: Undefined index: goUrl/Applications/MAMP/htdocs/houdun/mogujie/App/Home/Controller/LoginController.php (37).
[ 2016-01-27T15:45:23+08:00 ]NOTICE: Undefined index: goUrl/Applications/MAMP/htdocs/houdun/mogujie/App/Home/Controller/LoginController.php (37).
[ 2016-01-27T15:45:24+08:00 ]NOTICE: Undefined index: goUrl/Applications/MAMP/htdocs/houdun/mogujie/App/Home/Controller/LoginController.php (37).
[ 2016-01-27T15:45:24+08:00 ]NOTICE: Undefined index: goUrl/Applications/MAMP/htdocs/houdun/mogujie/App/Home/Controller/LoginController.php (37).
[ 2016-01-27T15:45:24+08:00 ]NOTICE: Undefined index: goUrl/Applications/MAMP/htdocs/houdun/mogujie/App/Home/Controller/LoginController.php (37).
[ 2016-01-27T15:45:24+08:00 ]NOTICE: Undefined index: goUrl/Applications/MAMP/htdocs/houdun/mogujie/App/Home/Controller/LoginController.php (37).
[ 2016-01-27T15:45:24+08:00 ]NOTICE: Undefined index: goUrl/Applications/MAMP/htdocs/houdun/mogujie/App/Home/Controller/LoginController.php (37).
[ 2016-01-27T15:45:24+08:00 ]NOTICE: Undefined index: goUrl/Applications/MAMP/htdocs/houdun/mogujie/App/Home/Controller/LoginController.php (37).
[ 2016-01-27T15:45:24+08:00 ]NOTICE: Undefined index: goUrl/Applications/MAMP/htdocs/houdun/mogujie/App/Home/Controller/LoginController.php (37).
[ 2016-01-27T15:45:24+08:00 ]NOTICE: Undefined index: goUrl/Applications/MAMP/htdocs/houdun/mogujie/App/Home/Controller/LoginController.php (37).
[ 2016-01-27T15:45:24+08:00 ]NOTICE: Undefined index: goUrl/Applications/MAMP/htdocs/houdun/mogujie/App/Home/Controller/LoginController.php (37).
[ 2016-01-27T15:45:24+08:00 ]NOTICE: Undefined index: goUrl/Applications/MAMP/htdocs/houdun/mogujie/App/Home/Controller/LoginController.php (37).
[ 2016-01-27T15:45:24+08:00 ]NOTICE: Undefined index: goUrl/Applications/MAMP/htdocs/houdun/mogujie/App/Home/Controller/LoginController.php (37).
[ 2016-01-27T15:45:24+08:00 ]NOTICE: Undefined index: goUrl/Applications/MAMP/htdocs/houdun/mogujie/App/Home/Controller/LoginController.php (37).
[ 2016-01-27T15:45:24+08:00 ]NOTICE: Undefined index: goUrl/Applications/MAMP/htdocs/houdun/mogujie/App/Home/Controller/LoginController.php (37).
[ 2016-01-27T15:45:24+08:00 ]NOTICE: Undefined index: goUrl/Applications/MAMP/htdocs/houdun/mogujie/App/Home/Controller/LoginController.php (37).
[ 2016-01-27T15:45:24+08:00 ]NOTICE: Undefined index: goUrl/Applications/MAMP/htdocs/houdun/mogujie/App/Home/Controller/LoginController.php (37).
[ 2016-01-27T15:45:24+08:00 ]NOTICE: Undefined index: goUrl/Applications/MAMP/htdocs/houdun/mogujie/App/Home/Controller/LoginController.php (37).
[ 2016-01-27T15:45:24+08:00 ]NOTICE: Undefined index: goUrl/Applications/MAMP/htdocs/houdun/mogujie/App/Home/Controller/LoginController.php (37).
[ 2016-01-27T15:45:24+08:00 ]NOTICE: Undefined index: goUrl/Applications/MAMP/htdocs/houdun/mogujie/App/Home/Controller/LoginController.php (37).
[ 2016-01-27T15:45:24+08:00 ]NOTICE: Undefined index: goUrl/Applications/MAMP/htdocs/houdun/mogujie/App/Home/Controller/LoginController.php (37).
[ 2016-01-27T15:45:25+08:00 ]NOTICE: Undefined index: goUrl/Applications/MAMP/htdocs/houdun/mogujie/App/Home/Controller/LoginController.php (37).
[ 2016-01-27T15:45:25+08:00 ]NOTICE: Undefined index: goUrl/Applications/MAMP/htdocs/houdun/mogujie/App/Home/Controller/LoginController.php (37).
[ 2016-01-27T15:45:25+08:00 ]NOTICE: Undefined index: goUrl/Applications/MAMP/htdocs/houdun/mogujie/App/Home/Controller/LoginController.php (37).
[ 2016-01-27T15:45:25+08:00 ]NOTICE: Undefined index: goUrl/Applications/MAMP/htdocs/houdun/mogujie/App/Home/Controller/LoginController.php (37).
[ 2016-01-27T15:45:25+08:00 ]NOTICE: Undefined index: goUrl/Applications/MAMP/htdocs/houdun/mogujie/App/Home/Controller/LoginController.php (37).
[ 2016-01-27T15:45:25+08:00 ]NOTICE: Undefined index: goUrl/Applications/MAMP/htdocs/houdun/mogujie/App/Home/Controller/LoginController.php (37).
[ 2016-01-27T15:45:25+08:00 ]NOTICE: Undefined index: goUrl/Applications/MAMP/htdocs/houdun/mogujie/App/Home/Controller/LoginController.php (37).
[ 2016-01-27T15:45:25+08:00 ]NOTICE: Undefined index: goUrl/Applications/MAMP/htdocs/houdun/mogujie/App/Home/Controller/LoginController.php (37).
[ 2016-01-27T15:45:25+08:00 ]NOTICE: Undefined index: goUrl/Applications/MAMP/htdocs/houdun/mogujie/App/Home/Controller/LoginController.php (37).
[ 2016-01-27T15:45:25+08:00 ]NOTICE: Undefined index: goUrl/Applications/MAMP/htdocs/houdun/mogujie/App/Home/Controller/LoginController.php (37).
[ 2016-01-27T15:45:25+08:00 ]NOTICE: Undefined index: goUrl/Applications/MAMP/htdocs/houdun/mogujie/App/Home/Controller/LoginController.php (37).
[ 2016-01-27T15:45:25+08:00 ]NOTICE: Undefined index: goUrl/Applications/MAMP/htdocs/houdun/mogujie/App/Home/Controller/LoginController.php (37).
[ 2016-01-27T15:45:25+08:00 ]NOTICE: Undefined index: goUrl/Applications/MAMP/htdocs/houdun/mogujie/App/Home/Controller/LoginController.php (37).
[ 2016-01-27T15:45:25+08:00 ]NOTICE: Undefined index: goUrl/Applications/MAMP/htdocs/houdun/mogujie/App/Home/Controller/LoginController.php (37).
[ 2016-01-27T15:45:25+08:00 ]NOTICE: Undefined index: goUrl/Applications/MAMP/htdocs/houdun/mogujie/App/Home/Controller/LoginController.php (37).
[ 2016-01-27T15:45:25+08:00 ]NOTICE: Undefined index: goUrl/Applications/MAMP/htdocs/houdun/mogujie/App/Home/Controller/LoginController.php (37).
[ 2016-01-27T15:45:25+08:00 ]NOTICE: Undefined index: goUrl/Applications/MAMP/htdocs/houdun/mogujie/App/Home/Controller/LoginController.php (37).
[ 2016-01-27T15:45:25+08:00 ]NOTICE: Undefined index: goUrl/Applications/MAMP/htdocs/houdun/mogujie/App/Home/Controller/LoginController.php (37).
[ 2016-01-27T15:45:25+08:00 ]NOTICE: Undefined index: goUrl/Applications/MAMP/htdocs/houdun/mogujie/App/Home/Controller/LoginController.php (37).
[ 2016-01-27T15:45:26+08:00 ]NOTICE: Undefined index: goUrl/Applications/MAMP/htdocs/houdun/mogujie/App/Home/Controller/LoginController.php (37).
[ 2016-01-27T15:45:26+08:00 ]NOTICE: Undefined index: goUrl/Applications/MAMP/htdocs/houdun/mogujie/App/Home/Controller/LoginController.php (37).
[ 2016-01-27T15:45:26+08:00 ]NOTICE: Undefined index: goUrl/Applications/MAMP/htdocs/houdun/mogujie/App/Home/Controller/LoginController.php (37).
[ 2016-01-27T15:45:26+08:00 ]NOTICE: Undefined index: goUrl/Applications/MAMP/htdocs/houdun/mogujie/App/Home/Controller/LoginController.php (37).
[ 2016-01-27T15:45:26+08:00 ]NOTICE: Undefined index: goUrl/Applications/MAMP/htdocs/houdun/mogujie/App/Home/Controller/LoginController.php (37).
[ 2016-01-27T15:45:26+08:00 ]NOTICE: Undefined index: goUrl/Applications/MAMP/htdocs/houdun/mogujie/App/Home/Controller/LoginController.php (37).
[ 2016-01-27T15:45:26+08:00 ]NOTICE: Undefined index: goUrl/Applications/MAMP/htdocs/houdun/mogujie/App/Home/Controller/LoginController.php (37).
[ 2016-01-27T15:45:26+08:00 ]NOTICE: Undefined index: goUrl/Applications/MAMP/htdocs/houdun/mogujie/App/Home/Controller/LoginController.php (37).
[ 2016-01-27T15:45:26+08:00 ]NOTICE: Undefined index: goUrl/Applications/MAMP/htdocs/houdun/mogujie/App/Home/Controller/LoginController.php (37).
[ 2016-01-27T15:45:26+08:00 ]NOTICE: Undefined index: goUrl/Applications/MAMP/htdocs/houdun/mogujie/App/Home/Controller/LoginController.php (37).
[ 2016-01-27T15:45:26+08:00 ]NOTICE: Undefined index: goUrl/Applications/MAMP/htdocs/houdun/mogujie/App/Home/Controller/LoginController.php (37).
[ 2016-01-27T15:45:26+08:00 ]NOTICE: Undefined index: goUrl/Applications/MAMP/htdocs/houdun/mogujie/App/Home/Controller/LoginController.php (37).
[ 2016-01-27T15:45:26+08:00 ]NOTICE: Undefined index: goUrl/Applications/MAMP/htdocs/houdun/mogujie/App/Home/Controller/LoginController.php (37).
[ 2016-01-27T15:45:26+08:00 ]NOTICE: Undefined index: goUrl/Applications/MAMP/htdocs/houdun/mogujie/App/Home/Controller/LoginController.php (37).
[ 2016-01-27T15:45:26+08:00 ]NOTICE: Undefined index: goUrl/Applications/MAMP/htdocs/houdun/mogujie/App/Home/Controller/LoginController.php (37).
[ 2016-01-27T15:45:26+08:00 ]NOTICE: Undefined index: goUrl/Applications/MAMP/htdocs/houdun/mogujie/App/Home/Controller/LoginController.php (37).
[ 2016-01-27T15:45:26+08:00 ]NOTICE: Undefined index: goUrl/Applications/MAMP/htdocs/houdun/mogujie/App/Home/Controller/LoginController.php (37).
[ 2016-01-27T15:45:26+08:00 ]NOTICE: Undefined index: goUrl/Applications/MAMP/htdocs/houdun/mogujie/App/Home/Controller/LoginController.php (37).
[ 2016-01-27T15:45:26+08:00 ]NOTICE: Undefined index: goUrl/Applications/MAMP/htdocs/houdun/mogujie/App/Home/Controller/LoginController.php (37).
[ 2016-01-27T15:45:27+08:00 ]NOTICE: Undefined index: goUrl/Applications/MAMP/htdocs/houdun/mogujie/App/Home/Controller/LoginController.php (37).
[ 2016-01-27T15:45:27+08:00 ]NOTICE: Undefined index: goUrl/Applications/MAMP/htdocs/houdun/mogujie/App/Home/Controller/LoginController.php (37).
[ 2016-01-27T15:45:27+08:00 ]NOTICE: Undefined index: goUrl/Applications/MAMP/htdocs/houdun/mogujie/App/Home/Controller/LoginController.php (37).
[ 2016-01-27T15:45:27+08:00 ]NOTICE: Undefined index: goUrl/Applications/MAMP/htdocs/houdun/mogujie/App/Home/Controller/LoginController.php (37).
[ 2016-01-27T15:45:27+08:00 ]NOTICE: Undefined index: goUrl/Applications/MAMP/htdocs/houdun/mogujie/App/Home/Controller/LoginController.php (37).
[ 2016-01-27T15:45:27+08:00 ]NOTICE: Undefined index: goUrl/Applications/MAMP/htdocs/houdun/mogujie/App/Home/Controller/LoginController.php (37).
[ 2016-01-27T15:45:27+08:00 ]NOTICE: Undefined index: goUrl/Applications/MAMP/htdocs/houdun/mogujie/App/Home/Controller/LoginController.php (37).
[ 2016-01-27T15:45:27+08:00 ]NOTICE: Undefined index: goUrl/Applications/MAMP/htdocs/houdun/mogujie/App/Home/Controller/LoginController.php (37).
[ 2016-01-27T15:45:27+08:00 ]NOTICE: Undefined index: goUrl/Applications/MAMP/htdocs/houdun/mogujie/App/Home/Controller/LoginController.php (37).
[ 2016-01-27T15:45:27+08:00 ]NOTICE: Undefined index: goUrl/Applications/MAMP/htdocs/houdun/mogujie/App/Home/Controller/LoginController.php (37).
[ 2016-01-27T15:45:27+08:00 ]NOTICE: Undefined index: goUrl/Applications/MAMP/htdocs/houdun/mogujie/App/Home/Controller/LoginController.php (37).
[ 2016-01-27T15:45:27+08:00 ]NOTICE: Undefined index: goUrl/Applications/MAMP/htdocs/houdun/mogujie/App/Home/Controller/LoginController.php (37).
[ 2016-01-27T15:45:27+08:00 ]NOTICE: Undefined index: goUrl/Applications/MAMP/htdocs/houdun/mogujie/App/Home/Controller/LoginController.php (37).
[ 2016-01-27T15:45:27+08:00 ]NOTICE: Undefined index: goUrl/Applications/MAMP/htdocs/houdun/mogujie/App/Home/Controller/LoginController.php (37).
[ 2016-01-27T15:45:27+08:00 ]NOTICE: Undefined index: goUrl/Applications/MAMP/htdocs/houdun/mogujie/App/Home/Controller/LoginController.php (37).
[ 2016-01-27T15:45:27+08:00 ]NOTICE: Undefined index: goUrl/Applications/MAMP/htdocs/houdun/mogujie/App/Home/Controller/LoginController.php (37).
[ 2016-01-27T15:45:27+08:00 ]NOTICE: Undefined index: goUrl/Applications/MAMP/htdocs/houdun/mogujie/App/Home/Controller/LoginController.php (37).
[ 2016-01-27T15:45:27+08:00 ]NOTICE: Undefined index: goUrl/Applications/MAMP/htdocs/houdun/mogujie/App/Home/Controller/LoginController.php (37).
[ 2016-01-27T15:45:27+08:00 ]NOTICE: Undefined index: goUrl/Applications/MAMP/htdocs/houdun/mogujie/App/Home/Controller/LoginController.php (37).
[ 2016-01-27T15:45:27+08:00 ]NOTICE: Undefined index: goUrl/Applications/MAMP/htdocs/houdun/mogujie/App/Home/Controller/LoginController.php (37).
[ 2016-01-27T15:45:28+08:00 ]NOTICE: Undefined index: goUrl/Applications/MAMP/htdocs/houdun/mogujie/App/Home/Controller/LoginController.php (37).
[ 2016-01-27T15:45:28+08:00 ]NOTICE: Undefined index: goUrl/Applications/MAMP/htdocs/houdun/mogujie/App/Home/Controller/LoginController.php (37).
[ 2016-01-27T15:45:28+08:00 ]NOTICE: Undefined index: goUrl/Applications/MAMP/htdocs/houdun/mogujie/App/Home/Controller/LoginController.php (37).
[ 2016-01-27T15:45:28+08:00 ]NOTICE: Undefined index: goUrl/Applications/MAMP/htdocs/houdun/mogujie/App/Home/Controller/LoginController.php (37).
[ 2016-01-27T15:45:28+08:00 ]NOTICE: Undefined index: goUrl/Applications/MAMP/htdocs/houdun/mogujie/App/Home/Controller/LoginController.php (37).
[ 2016-01-27T15:45:28+08:00 ]NOTICE: Undefined index: goUrl/Applications/MAMP/htdocs/houdun/mogujie/App/Home/Controller/LoginController.php (37).
[ 2016-01-27T15:45:28+08:00 ]NOTICE: Undefined index: goUrl/Applications/MAMP/htdocs/houdun/mogujie/App/Home/Controller/LoginController.php (37).
[ 2016-01-27T15:45:28+08:00 ]NOTICE: Undefined index: goUrl/Applications/MAMP/htdocs/houdun/mogujie/App/Home/Controller/LoginController.php (37).
[ 2016-01-27T15:45:28+08:00 ]NOTICE: Undefined index: goUrl/Applications/MAMP/htdocs/houdun/mogujie/App/Home/Controller/LoginController.php (37).
[ 2016-01-27T15:45:28+08:00 ]NOTICE: Undefined index: goUrl/Applications/MAMP/htdocs/houdun/mogujie/App/Home/Controller/LoginController.php (37).
[ 2016-01-27T15:45:28+08:00 ]NOTICE: Undefined index: goUrl/Applications/MAMP/htdocs/houdun/mogujie/App/Home/Controller/LoginController.php (37).
[ 2016-01-27T15:45:28+08:00 ]NOTICE: Undefined index: goUrl/Applications/MAMP/htdocs/houdun/mogujie/App/Home/Controller/LoginController.php (37).
[ 2016-01-27T15:45:28+08:00 ]NOTICE: Undefined index: goUrl/Applications/MAMP/htdocs/houdun/mogujie/App/Home/Controller/LoginController.php (37).
[ 2016-01-27T15:45:28+08:00 ]NOTICE: Undefined index: goUrl/Applications/MAMP/htdocs/houdun/mogujie/App/Home/Controller/LoginController.php (37).
[ 2016-01-27T15:45:28+08:00 ]NOTICE: Undefined index: goUrl/Applications/MAMP/htdocs/houdun/mogujie/App/Home/Controller/LoginController.php (37).
[ 2016-01-27T15:45:28+08:00 ]NOTICE: Undefined index: goUrl/Applications/MAMP/htdocs/houdun/mogujie/App/Home/Controller/LoginController.php (37).
[ 2016-01-27T15:45:28+08:00 ]NOTICE: Undefined index: goUrl/Applications/MAMP/htdocs/houdun/mogujie/App/Home/Controller/LoginController.php (37).
[ 2016-01-27T15:45:28+08:00 ]NOTICE: Undefined index: goUrl/Applications/MAMP/htdocs/houdun/mogujie/App/Home/Controller/LoginController.php (37).
[ 2016-01-27T15:45:28+08:00 ]NOTICE: Undefined index: goUrl/Applications/MAMP/htdocs/houdun/mogujie/App/Home/Controller/LoginController.php (37).
[ 2016-01-27T15:45:29+08:00 ]NOTICE: Undefined index: goUrl/Applications/MAMP/htdocs/houdun/mogujie/App/Home/Controller/LoginController.php (37).
[ 2016-01-27T15:45:29+08:00 ]NOTICE: Undefined index: goUrl/Applications/MAMP/htdocs/houdun/mogujie/App/Home/Controller/LoginController.php (37).
[ 2016-01-27T15:45:29+08:00 ]NOTICE: Undefined index: goUrl/Applications/MAMP/htdocs/houdun/mogujie/App/Home/Controller/LoginController.php (37).
[ 2016-01-27T15:45:29+08:00 ]NOTICE: Undefined index: goUrl/Applications/MAMP/htdocs/houdun/mogujie/App/Home/Controller/LoginController.php (37).
[ 2016-01-27T15:45:29+08:00 ]NOTICE: Undefined index: goUrl/Applications/MAMP/htdocs/houdun/mogujie/App/Home/Controller/LoginController.php (37).
[ 2016-01-27T15:45:29+08:00 ]NOTICE: Undefined index: goUrl/Applications/MAMP/htdocs/houdun/mogujie/App/Home/Controller/LoginController.php (37).
[ 2016-01-27T15:45:29+08:00 ]NOTICE: Undefined index: goUrl/Applications/MAMP/htdocs/houdun/mogujie/App/Home/Controller/LoginController.php (37).
[ 2016-01-27T15:45:29+08:00 ]NOTICE: Undefined index: goUrl/Applications/MAMP/htdocs/houdun/mogujie/App/Home/Controller/LoginController.php (37).
[ 2016-01-27T15:45:29+08:00 ]NOTICE: Undefined index: goUrl/Applications/MAMP/htdocs/houdun/mogujie/App/Home/Controller/LoginController.php (37).
[ 2016-01-27T15:45:29+08:00 ]NOTICE: Undefined index: goUrl/Applications/MAMP/htdocs/houdun/mogujie/App/Home/Controller/LoginController.php (37).
[ 2016-01-27T15:45:29+08:00 ]NOTICE: Undefined index: goUrl/Applications/MAMP/htdocs/houdun/mogujie/App/Home/Controller/LoginController.php (37).
[ 2016-01-27T15:45:29+08:00 ]NOTICE: Undefined index: goUrl/Applications/MAMP/htdocs/houdun/mogujie/App/Home/Controller/LoginController.php (37).
[ 2016-01-27T15:45:29+08:00 ]NOTICE: Undefined index: goUrl/Applications/MAMP/htdocs/houdun/mogujie/App/Home/Controller/LoginController.php (37).
[ 2016-01-27T15:45:29+08:00 ]NOTICE: Undefined index: goUrl/Applications/MAMP/htdocs/houdun/mogujie/App/Home/Controller/LoginController.php (37).
[ 2016-01-27T15:45:29+08:00 ]NOTICE: Undefined index: goUrl/Applications/MAMP/htdocs/houdun/mogujie/App/Home/Controller/LoginController.php (37).
[ 2016-01-27T15:45:29+08:00 ]NOTICE: Undefined index: goUrl/Applications/MAMP/htdocs/houdun/mogujie/App/Home/Controller/LoginController.php (37).
[ 2016-01-27T15:45:29+08:00 ]NOTICE: Undefined index: goUrl/Applications/MAMP/htdocs/houdun/mogujie/App/Home/Controller/LoginController.php (37).
[ 2016-01-27T15:45:29+08:00 ]NOTICE: Undefined index: goUrl/Applications/MAMP/htdocs/houdun/mogujie/App/Home/Controller/LoginController.php (37).
[ 2016-01-27T15:45:29+08:00 ]NOTICE: Undefined index: goUrl/Applications/MAMP/htdocs/houdun/mogujie/App/Home/Controller/LoginController.php (37).
[ 2016-01-27T15:45:30+08:00 ]NOTICE: Undefined index: goUrl/Applications/MAMP/htdocs/houdun/mogujie/App/Home/Controller/LoginController.php (37).
[ 2016-01-27T15:45:30+08:00 ]NOTICE: Undefined index: goUrl/Applications/MAMP/htdocs/houdun/mogujie/App/Home/Controller/LoginController.php (37).
[ 2016-01-27T15:45:30+08:00 ]NOTICE: Undefined index: goUrl/Applications/MAMP/htdocs/houdun/mogujie/App/Home/Controller/LoginController.php (37).
[ 2016-01-27T15:45:30+08:00 ]NOTICE: Undefined index: goUrl/Applications/MAMP/htdocs/houdun/mogujie/App/Home/Controller/LoginController.php (37).
[ 2016-01-27T15:46:21+08:00 ]NOTICE: Undefined index: goUrl/Applications/MAMP/htdocs/houdun/mogujie/App/Home/Controller/LoginController.php (37).
[ 2016-01-27T15:46:21+08:00 ]NOTICE: Undefined index: goUrl/Applications/MAMP/htdocs/houdun/mogujie/App/Home/Controller/LoginController.php (37).
[ 2016-01-27T15:46:21+08:00 ]NOTICE: Undefined index: goUrl/Applications/MAMP/htdocs/houdun/mogujie/App/Home/Controller/LoginController.php (37).
[ 2016-01-27T15:46:21+08:00 ]NOTICE: Undefined index: goUrl/Applications/MAMP/htdocs/houdun/mogujie/App/Home/Controller/LoginController.php (37).
[ 2016-01-27T15:46:21+08:00 ]NOTICE: Undefined index: goUrl/Applications/MAMP/htdocs/houdun/mogujie/App/Home/Controller/LoginController.php (37).
[ 2016-01-27T15:46:21+08:00 ]NOTICE: Undefined index: goUrl/Applications/MAMP/htdocs/houdun/mogujie/App/Home/Controller/LoginController.php (37).
[ 2016-01-27T15:46:21+08:00 ]NOTICE: Undefined index: goUrl/Applications/MAMP/htdocs/houdun/mogujie/App/Home/Controller/LoginController.php (37).
[ 2016-01-27T15:46:21+08:00 ]NOTICE: Undefined index: goUrl/Applications/MAMP/htdocs/houdun/mogujie/App/Home/Controller/LoginController.php (37).
[ 2016-01-27T15:46:21+08:00 ]NOTICE: Undefined index: goUrl/Applications/MAMP/htdocs/houdun/mogujie/App/Home/Controller/LoginController.php (37).
[ 2016-01-27T15:46:21+08:00 ]NOTICE: Undefined index: goUrl/Applications/MAMP/htdocs/houdun/mogujie/App/Home/Controller/LoginController.php (37).
[ 2016-01-27T15:46:21+08:00 ]NOTICE: Undefined index: goUrl/Applications/MAMP/htdocs/houdun/mogujie/App/Home/Controller/LoginController.php (37).
[ 2016-01-27T15:46:21+08:00 ]NOTICE: Undefined index: goUrl/Applications/MAMP/htdocs/houdun/mogujie/App/Home/Controller/LoginController.php (37).
[ 2016-01-27T15:46:21+08:00 ]NOTICE: Undefined index: goUrl/Applications/MAMP/htdocs/houdun/mogujie/App/Home/Controller/LoginController.php (37).
[ 2016-01-27T15:46:21+08:00 ]NOTICE: Undefined index: goUrl/Applications/MAMP/htdocs/houdun/mogujie/App/Home/Controller/LoginController.php (37).
[ 2016-01-27T15:46:21+08:00 ]NOTICE: Undefined index: goUrl/Applications/MAMP/htdocs/houdun/mogujie/App/Home/Controller/LoginController.php (37).
[ 2016-01-27T15:46:21+08:00 ]NOTICE: Undefined index: goUrl/Applications/MAMP/htdocs/houdun/mogujie/App/Home/Controller/LoginController.php (37).
[ 2016-01-27T15:46:21+08:00 ]NOTICE: Undefined index: goUrl/Applications/MAMP/htdocs/houdun/mogujie/App/Home/Controller/LoginController.php (37).
[ 2016-01-27T15:46:22+08:00 ]NOTICE: Undefined index: goUrl/Applications/MAMP/htdocs/houdun/mogujie/App/Home/Controller/LoginController.php (37).
[ 2016-01-27T15:46:22+08:00 ]NOTICE: Undefined index: goUrl/Applications/MAMP/htdocs/houdun/mogujie/App/Home/Controller/LoginController.php (37).
[ 2016-01-27T15:46:22+08:00 ]NOTICE: Undefined index: goUrl/Applications/MAMP/htdocs/houdun/mogujie/App/Home/Controller/LoginController.php (37).
[ 2016-01-27T15:46:22+08:00 ]NOTICE: Undefined index: goUrl/Applications/MAMP/htdocs/houdun/mogujie/App/Home/Controller/LoginController.php (37).
[ 2016-01-27T15:46:22+08:00 ]NOTICE: Undefined index: goUrl/Applications/MAMP/htdocs/houdun/mogujie/App/Home/Controller/LoginController.php (37).
[ 2016-01-27T15:46:22+08:00 ]NOTICE: Undefined index: goUrl/Applications/MAMP/htdocs/houdun/mogujie/App/Home/Controller/LoginController.php (37).
[ 2016-01-27T15:46:22+08:00 ]NOTICE: Undefined index: goUrl/Applications/MAMP/htdocs/houdun/mogujie/App/Home/Controller/LoginController.php (37).
[ 2016-01-27T15:46:22+08:00 ]NOTICE: Undefined index: goUrl/Applications/MAMP/htdocs/houdun/mogujie/App/Home/Controller/LoginController.php (37).
[ 2016-01-27T15:46:22+08:00 ]NOTICE: Undefined index: goUrl/Applications/MAMP/htdocs/houdun/mogujie/App/Home/Controller/LoginController.php (37).
[ 2016-01-27T15:46:22+08:00 ]NOTICE: Undefined index: goUrl/Applications/MAMP/htdocs/houdun/mogujie/App/Home/Controller/LoginController.php (37).
[ 2016-01-27T15:46:22+08:00 ]NOTICE: Undefined index: goUrl/Applications/MAMP/htdocs/houdun/mogujie/App/Home/Controller/LoginController.php (37).
[ 2016-01-27T15:46:22+08:00 ]NOTICE: Undefined index: goUrl/Applications/MAMP/htdocs/houdun/mogujie/App/Home/Controller/LoginController.php (37).
[ 2016-01-27T15:46:22+08:00 ]NOTICE: Undefined index: goUrl/Applications/MAMP/htdocs/houdun/mogujie/App/Home/Controller/LoginController.php (37).
[ 2016-01-27T15:46:22+08:00 ]NOTICE: Undefined index: goUrl/Applications/MAMP/htdocs/houdun/mogujie/App/Home/Controller/LoginController.php (37).
[ 2016-01-27T15:46:22+08:00 ]NOTICE: Undefined index: goUrl/Applications/MAMP/htdocs/houdun/mogujie/App/Home/Controller/LoginController.php (37).
[ 2016-01-27T15:46:22+08:00 ]NOTICE: Undefined index: goUrl/Applications/MAMP/htdocs/houdun/mogujie/App/Home/Controller/LoginController.php (37).
[ 2016-01-27T15:46:22+08:00 ]NOTICE: Undefined index: goUrl/Applications/MAMP/htdocs/houdun/mogujie/App/Home/Controller/LoginController.php (37).
[ 2016-01-27T15:46:22+08:00 ]NOTICE: Undefined index: goUrl/Applications/MAMP/htdocs/houdun/mogujie/App/Home/Controller/LoginController.php (37).
[ 2016-01-27T15:46:22+08:00 ]NOTICE: Undefined index: goUrl/Applications/MAMP/htdocs/houdun/mogujie/App/Home/Controller/LoginController.php (37).
[ 2016-01-27T15:46:22+08:00 ]NOTICE: Undefined index: goUrl/Applications/MAMP/htdocs/houdun/mogujie/App/Home/Controller/LoginController.php (37).
[ 2016-01-27T15:46:23+08:00 ]NOTICE: Undefined index: goUrl/Applications/MAMP/htdocs/houdun/mogujie/App/Home/Controller/LoginController.php (37).
[ 2016-01-27T15:46:23+08:00 ]NOTICE: Undefined index: goUrl/Applications/MAMP/htdocs/houdun/mogujie/App/Home/Controller/LoginController.php (37).
[ 2016-01-27T15:46:23+08:00 ]NOTICE: Undefined index: goUrl/Applications/MAMP/htdocs/houdun/mogujie/App/Home/Controller/LoginController.php (37).
[ 2016-01-27T15:46:23+08:00 ]NOTICE: Undefined index: goUrl/Applications/MAMP/htdocs/houdun/mogujie/App/Home/Controller/LoginController.php (37).
[ 2016-01-27T15:46:23+08:00 ]NOTICE: Undefined index: goUrl/Applications/MAMP/htdocs/houdun/mogujie/App/Home/Controller/LoginController.php (37).
[ 2016-01-27T15:46:23+08:00 ]NOTICE: Undefined index: goUrl/Applications/MAMP/htdocs/houdun/mogujie/App/Home/Controller/LoginController.php (37).
[ 2016-01-27T15:46:23+08:00 ]NOTICE: Undefined index: goUrl/Applications/MAMP/htdocs/houdun/mogujie/App/Home/Controller/LoginController.php (37).
[ 2016-01-27T15:46:23+08:00 ]NOTICE: Undefined index: goUrl/Applications/MAMP/htdocs/houdun/mogujie/App/Home/Controller/LoginController.php (37).
[ 2016-01-27T15:46:23+08:00 ]NOTICE: Undefined index: goUrl/Applications/MAMP/htdocs/houdun/mogujie/App/Home/Controller/LoginController.php (37).
[ 2016-01-27T15:46:23+08:00 ]NOTICE: Undefined index: goUrl/Applications/MAMP/htdocs/houdun/mogujie/App/Home/Controller/LoginController.php (37).
[ 2016-01-27T15:46:23+08:00 ]NOTICE: Undefined index: goUrl/Applications/MAMP/htdocs/houdun/mogujie/App/Home/Controller/LoginController.php (37).
[ 2016-01-27T15:46:23+08:00 ]NOTICE: Undefined index: goUrl/Applications/MAMP/htdocs/houdun/mogujie/App/Home/Controller/LoginController.php (37).
[ 2016-01-27T15:46:23+08:00 ]NOTICE: Undefined index: goUrl/Applications/MAMP/htdocs/houdun/mogujie/App/Home/Controller/LoginController.php (37).
[ 2016-01-27T15:46:23+08:00 ]NOTICE: Undefined index: goUrl/Applications/MAMP/htdocs/houdun/mogujie/App/Home/Controller/LoginController.php (37).
[ 2016-01-27T15:46:23+08:00 ]NOTICE: Undefined index: goUrl/Applications/MAMP/htdocs/houdun/mogujie/App/Home/Controller/LoginController.php (37).
[ 2016-01-27T15:46:23+08:00 ]NOTICE: Undefined index: goUrl/Applications/MAMP/htdocs/houdun/mogujie/App/Home/Controller/LoginController.php (37).
[ 2016-01-27T15:46:23+08:00 ]NOTICE: Undefined index: goUrl/Applications/MAMP/htdocs/houdun/mogujie/App/Home/Controller/LoginController.php (37).
[ 2016-01-27T15:46:23+08:00 ]NOTICE: Undefined index: goUrl/Applications/MAMP/htdocs/houdun/mogujie/App/Home/Controller/LoginController.php (37).
[ 2016-01-27T15:46:23+08:00 ]NOTICE: Undefined index: goUrl/Applications/MAMP/htdocs/houdun/mogujie/App/Home/Controller/LoginController.php (37).
[ 2016-01-27T15:46:23+08:00 ]NOTICE: Undefined index: goUrl/Applications/MAMP/htdocs/houdun/mogujie/App/Home/Controller/LoginController.php (37).
[ 2016-01-27T15:46:24+08:00 ]NOTICE: Undefined index: goUrl/Applications/MAMP/htdocs/houdun/mogujie/App/Home/Controller/LoginController.php (37).
[ 2016-01-27T15:46:24+08:00 ]NOTICE: Undefined index: goUrl/Applications/MAMP/htdocs/houdun/mogujie/App/Home/Controller/LoginController.php (37).
[ 2016-01-27T15:46:24+08:00 ]NOTICE: Undefined index: goUrl/Applications/MAMP/htdocs/houdun/mogujie/App/Home/Controller/LoginController.php (37).
[ 2016-01-27T15:46:24+08:00 ]NOTICE: Undefined index: goUrl/Applications/MAMP/htdocs/houdun/mogujie/App/Home/Controller/LoginController.php (37).
[ 2016-01-27T15:46:24+08:00 ]NOTICE: Undefined index: goUrl/Applications/MAMP/htdocs/houdun/mogujie/App/Home/Controller/LoginController.php (37).
[ 2016-01-27T15:46:24+08:00 ]NOTICE: Undefined index: goUrl/Applications/MAMP/htdocs/houdun/mogujie/App/Home/Controller/LoginController.php (37).
[ 2016-01-27T15:46:24+08:00 ]NOTICE: Undefined index: goUrl/Applications/MAMP/htdocs/houdun/mogujie/App/Home/Controller/LoginController.php (37).
[ 2016-01-27T15:46:24+08:00 ]NOTICE: Undefined index: goUrl/Applications/MAMP/htdocs/houdun/mogujie/App/Home/Controller/LoginController.php (37).
[ 2016-01-27T15:46:24+08:00 ]NOTICE: Undefined index: goUrl/Applications/MAMP/htdocs/houdun/mogujie/App/Home/Controller/LoginController.php (37).
[ 2016-01-27T15:46:24+08:00 ]NOTICE: Undefined index: goUrl/Applications/MAMP/htdocs/houdun/mogujie/App/Home/Controller/LoginController.php (37).
[ 2016-01-27T15:46:24+08:00 ]NOTICE: Undefined index: goUrl/Applications/MAMP/htdocs/houdun/mogujie/App/Home/Controller/LoginController.php (37).
[ 2016-01-27T15:46:24+08:00 ]NOTICE: Undefined index: goUrl/Applications/MAMP/htdocs/houdun/mogujie/App/Home/Controller/LoginController.php (37).
[ 2016-01-27T15:46:24+08:00 ]NOTICE: Undefined index: goUrl/Applications/MAMP/htdocs/houdun/mogujie/App/Home/Controller/LoginController.php (37).
[ 2016-01-27T15:46:24+08:00 ]NOTICE: Undefined index: goUrl/Applications/MAMP/htdocs/houdun/mogujie/App/Home/Controller/LoginController.php (37).
[ 2016-01-27T15:46:24+08:00 ]NOTICE: Undefined index: goUrl/Applications/MAMP/htdocs/houdun/mogujie/App/Home/Controller/LoginController.php (37).
[ 2016-01-27T15:46:24+08:00 ]NOTICE: Undefined index: goUrl/Applications/MAMP/htdocs/houdun/mogujie/App/Home/Controller/LoginController.php (37).
[ 2016-01-27T15:46:24+08:00 ]NOTICE: Undefined index: goUrl/Applications/MAMP/htdocs/houdun/mogujie/App/Home/Controller/LoginController.php (37).
[ 2016-01-27T15:46:24+08:00 ]NOTICE: Undefined index: goUrl/Applications/MAMP/htdocs/houdun/mogujie/App/Home/Controller/LoginController.php (37).
[ 2016-01-27T15:46:24+08:00 ]NOTICE: Undefined index: goUrl/Applications/MAMP/htdocs/houdun/mogujie/App/Home/Controller/LoginController.php (37).
[ 2016-01-27T15:46:25+08:00 ]NOTICE: Undefined index: goUrl/Applications/MAMP/htdocs/houdun/mogujie/App/Home/Controller/LoginController.php (37).
[ 2016-01-27T15:46:25+08:00 ]NOTICE: Undefined index: goUrl/Applications/MAMP/htdocs/houdun/mogujie/App/Home/Controller/LoginController.php (37).
[ 2016-01-27T15:46:25+08:00 ]NOTICE: Undefined index: goUrl/Applications/MAMP/htdocs/houdun/mogujie/App/Home/Controller/LoginController.php (37).
[ 2016-01-27T15:46:25+08:00 ]NOTICE: Undefined index: goUrl/Applications/MAMP/htdocs/houdun/mogujie/App/Home/Controller/LoginController.php (37).
[ 2016-01-27T15:46:25+08:00 ]NOTICE: Undefined index: goUrl/Applications/MAMP/htdocs/houdun/mogujie/App/Home/Controller/LoginController.php (37).
[ 2016-01-27T15:46:25+08:00 ]NOTICE: Undefined index: goUrl/Applications/MAMP/htdocs/houdun/mogujie/App/Home/Controller/LoginController.php (37).
[ 2016-01-27T15:46:25+08:00 ]NOTICE: Undefined index: goUrl/Applications/MAMP/htdocs/houdun/mogujie/App/Home/Controller/LoginController.php (37).
[ 2016-01-27T15:46:25+08:00 ]NOTICE: Undefined index: goUrl/Applications/MAMP/htdocs/houdun/mogujie/App/Home/Controller/LoginController.php (37).
[ 2016-01-27T15:46:25+08:00 ]NOTICE: Undefined index: goUrl/Applications/MAMP/htdocs/houdun/mogujie/App/Home/Controller/LoginController.php (37).
[ 2016-01-27T15:46:25+08:00 ]NOTICE: Undefined index: goUrl/Applications/MAMP/htdocs/houdun/mogujie/App/Home/Controller/LoginController.php (37).
[ 2016-01-27T15:46:25+08:00 ]NOTICE: Undefined index: goUrl/Applications/MAMP/htdocs/houdun/mogujie/App/Home/Controller/LoginController.php (37).
[ 2016-01-27T15:46:25+08:00 ]NOTICE: Undefined index: goUrl/Applications/MAMP/htdocs/houdun/mogujie/App/Home/Controller/LoginController.php (37).
[ 2016-01-27T15:46:25+08:00 ]NOTICE: Undefined index: goUrl/Applications/MAMP/htdocs/houdun/mogujie/App/Home/Controller/LoginController.php (37).
[ 2016-01-27T15:46:25+08:00 ]NOTICE: Undefined index: goUrl/Applications/MAMP/htdocs/houdun/mogujie/App/Home/Controller/LoginController.php (37).
[ 2016-01-27T15:46:25+08:00 ]NOTICE: Undefined index: goUrl/Applications/MAMP/htdocs/houdun/mogujie/App/Home/Controller/LoginController.php (37).
[ 2016-01-27T15:46:25+08:00 ]NOTICE: Undefined index: goUrl/Applications/MAMP/htdocs/houdun/mogujie/App/Home/Controller/LoginController.php (37).
[ 2016-01-27T15:46:25+08:00 ]NOTICE: Undefined index: goUrl/Applications/MAMP/htdocs/houdun/mogujie/App/Home/Controller/LoginController.php (37).
[ 2016-01-27T15:46:25+08:00 ]NOTICE: Undefined index: goUrl/Applications/MAMP/htdocs/houdun/mogujie/App/Home/Controller/LoginController.php (37).
[ 2016-01-27T15:46:25+08:00 ]NOTICE: Undefined index: goUrl/Applications/MAMP/htdocs/houdun/mogujie/App/Home/Controller/LoginController.php (37).
[ 2016-01-27T15:46:25+08:00 ]NOTICE: Undefined index: goUrl/Applications/MAMP/htdocs/houdun/mogujie/App/Home/Controller/LoginController.php (37).
[ 2016-01-27T15:46:26+08:00 ]NOTICE: Undefined index: goUrl/Applications/MAMP/htdocs/houdun/mogujie/App/Home/Controller/LoginController.php (37).
[ 2016-01-27T15:46:26+08:00 ]NOTICE: Undefined index: goUrl/Applications/MAMP/htdocs/houdun/mogujie/App/Home/Controller/LoginController.php (37).
[ 2016-01-27T15:46:26+08:00 ]NOTICE: Undefined index: goUrl/Applications/MAMP/htdocs/houdun/mogujie/App/Home/Controller/LoginController.php (37).
[ 2016-01-27T15:46:26+08:00 ]NOTICE: Undefined index: goUrl/Applications/MAMP/htdocs/houdun/mogujie/App/Home/Controller/LoginController.php (37).
[ 2016-01-27T15:46:26+08:00 ]NOTICE: Undefined index: goUrl/Applications/MAMP/htdocs/houdun/mogujie/App/Home/Controller/LoginController.php (37).
[ 2016-01-27T15:46:26+08:00 ]NOTICE: Undefined index: goUrl/Applications/MAMP/htdocs/houdun/mogujie/App/Home/Controller/LoginController.php (37).
[ 2016-01-27T15:46:26+08:00 ]NOTICE: Undefined index: goUrl/Applications/MAMP/htdocs/houdun/mogujie/App/Home/Controller/LoginController.php (37).
[ 2016-01-27T15:46:26+08:00 ]NOTICE: Undefined index: goUrl/Applications/MAMP/htdocs/houdun/mogujie/App/Home/Controller/LoginController.php (37).
[ 2016-01-27T15:46:26+08:00 ]NOTICE: Undefined index: goUrl/Applications/MAMP/htdocs/houdun/mogujie/App/Home/Controller/LoginController.php (37).
[ 2016-01-27T15:46:26+08:00 ]NOTICE: Undefined index: goUrl/Applications/MAMP/htdocs/houdun/mogujie/App/Home/Controller/LoginController.php (37).
[ 2016-01-27T15:46:26+08:00 ]NOTICE: Undefined index: goUrl/Applications/MAMP/htdocs/houdun/mogujie/App/Home/Controller/LoginController.php (37).
[ 2016-01-27T15:46:26+08:00 ]NOTICE: Undefined index: goUrl/Applications/MAMP/htdocs/houdun/mogujie/App/Home/Controller/LoginController.php (37).
[ 2016-01-27T15:46:26+08:00 ]NOTICE: Undefined index: goUrl/Applications/MAMP/htdocs/houdun/mogujie/App/Home/Controller/LoginController.php (37).
[ 2016-01-27T15:46:26+08:00 ]NOTICE: Undefined index: goUrl/Applications/MAMP/htdocs/houdun/mogujie/App/Home/Controller/LoginController.php (37).
[ 2016-01-27T15:46:26+08:00 ]NOTICE: Undefined index: goUrl/Applications/MAMP/htdocs/houdun/mogujie/App/Home/Controller/LoginController.php (37).
[ 2016-01-27T15:46:26+08:00 ]NOTICE: Undefined index: goUrl/Applications/MAMP/htdocs/houdun/mogujie/App/Home/Controller/LoginController.php (37).
[ 2016-01-27T15:46:26+08:00 ]NOTICE: Undefined index: goUrl/Applications/MAMP/htdocs/houdun/mogujie/App/Home/Controller/LoginController.php (37).
[ 2016-01-27T15:46:26+08:00 ]NOTICE: Undefined index: goUrl/Applications/MAMP/htdocs/houdun/mogujie/App/Home/Controller/LoginController.php (37).
[ 2016-01-27T15:46:26+08:00 ]NOTICE: Undefined index: goUrl/Applications/MAMP/htdocs/houdun/mogujie/App/Home/Controller/LoginController.php (37).
[ 2016-01-27T15:46:27+08:00 ]NOTICE: Undefined index: goUrl/Applications/MAMP/htdocs/houdun/mogujie/App/Home/Controller/LoginController.php (37).
[ 2016-01-27T15:46:27+08:00 ]NOTICE: Undefined index: goUrl/Applications/MAMP/htdocs/houdun/mogujie/App/Home/Controller/LoginController.php (37).
[ 2016-01-27T15:46:27+08:00 ]NOTICE: Undefined index: goUrl/Applications/MAMP/htdocs/houdun/mogujie/App/Home/Controller/LoginController.php (37).
[ 2016-01-27T15:46:27+08:00 ]NOTICE: Undefined index: goUrl/Applications/MAMP/htdocs/houdun/mogujie/App/Home/Controller/LoginController.php (37).
[ 2016-01-27T15:46:27+08:00 ]NOTICE: Undefined index: goUrl/Applications/MAMP/htdocs/houdun/mogujie/App/Home/Controller/LoginController.php (37).
[ 2016-01-27T15:46:27+08:00 ]NOTICE: Undefined index: goUrl/Applications/MAMP/htdocs/houdun/mogujie/App/Home/Controller/LoginController.php (37).
[ 2016-01-27T15:46:27+08:00 ]NOTICE: Undefined index: goUrl/Applications/MAMP/htdocs/houdun/mogujie/App/Home/Controller/LoginController.php (37).
[ 2016-01-27T15:46:27+08:00 ]NOTICE: Undefined index: goUrl/Applications/MAMP/htdocs/houdun/mogujie/App/Home/Controller/LoginController.php (37).
[ 2016-01-27T15:46:27+08:00 ]NOTICE: Undefined index: goUrl/Applications/MAMP/htdocs/houdun/mogujie/App/Home/Controller/LoginController.php (37).
[ 2016-01-27T15:46:27+08:00 ]NOTICE: Undefined index: goUrl/Applications/MAMP/htdocs/houdun/mogujie/App/Home/Controller/LoginController.php (37).
[ 2016-01-27T15:46:27+08:00 ]NOTICE: Undefined index: goUrl/Applications/MAMP/htdocs/houdun/mogujie/App/Home/Controller/LoginController.php (37).
[ 2016-01-27T15:46:27+08:00 ]NOTICE: Undefined index: goUrl/Applications/MAMP/htdocs/houdun/mogujie/App/Home/Controller/LoginController.php (37).
[ 2016-01-27T15:46:27+08:00 ]NOTICE: Undefined index: goUrl/Applications/MAMP/htdocs/houdun/mogujie/App/Home/Controller/LoginController.php (37).
[ 2016-01-27T15:46:27+08:00 ]NOTICE: Undefined index: goUrl/Applications/MAMP/htdocs/houdun/mogujie/App/Home/Controller/LoginController.php (37).
[ 2016-01-27T15:46:27+08:00 ]NOTICE: Undefined index: goUrl/Applications/MAMP/htdocs/houdun/mogujie/App/Home/Controller/LoginController.php (37).
[ 2016-01-27T15:46:27+08:00 ]NOTICE: Undefined index: goUrl/Applications/MAMP/htdocs/houdun/mogujie/App/Home/Controller/LoginController.php (37).
[ 2016-01-27T15:47:52+08:00 ]NOTICE: Undefined index: goUrl/Applications/MAMP/htdocs/houdun/mogujie/App/Home/Controller/LoginController.php (37).
[ 2016-01-27T15:47:52+08:00 ]NOTICE: Undefined index: goUrl/Applications/MAMP/htdocs/houdun/mogujie/App/Home/Controller/LoginController.php (37).
[ 2016-01-27T15:47:52+08:00 ]NOTICE: Undefined index: goUrl/Applications/MAMP/htdocs/houdun/mogujie/App/Home/Controller/LoginController.php (37).
[ 2016-01-27T15:47:52+08:00 ]NOTICE: Undefined index: goUrl/Applications/MAMP/htdocs/houdun/mogujie/App/Home/Controller/LoginController.php (37).
[ 2016-01-27T15:47:52+08:00 ]NOTICE: Undefined index: goUrl/Applications/MAMP/htdocs/houdun/mogujie/App/Home/Controller/LoginController.php (37).
[ 2016-01-27T15:47:52+08:00 ]NOTICE: Undefined index: goUrl/Applications/MAMP/htdocs/houdun/mogujie/App/Home/Controller/LoginController.php (37).
[ 2016-01-27T15:47:52+08:00 ]NOTICE: Undefined index: goUrl/Applications/MAMP/htdocs/houdun/mogujie/App/Home/Controller/LoginController.php (37).
[ 2016-01-27T15:47:52+08:00 ]NOTICE: Undefined index: goUrl/Applications/MAMP/htdocs/houdun/mogujie/App/Home/Controller/LoginController.php (37).
[ 2016-01-27T15:47:52+08:00 ]NOTICE: Undefined index: goUrl/Applications/MAMP/htdocs/houdun/mogujie/App/Home/Controller/LoginController.php (37).
[ 2016-01-27T15:47:52+08:00 ]NOTICE: Undefined index: goUrl/Applications/MAMP/htdocs/houdun/mogujie/App/Home/Controller/LoginController.php (37).
[ 2016-01-27T15:47:52+08:00 ]NOTICE: Undefined index: goUrl/Applications/MAMP/htdocs/houdun/mogujie/App/Home/Controller/LoginController.php (37).
[ 2016-01-27T15:47:52+08:00 ]NOTICE: Undefined index: goUrl/Applications/MAMP/htdocs/houdun/mogujie/App/Home/Controller/LoginController.php (37).
[ 2016-01-27T15:47:52+08:00 ]NOTICE: Undefined index: goUrl/Applications/MAMP/htdocs/houdun/mogujie/App/Home/Controller/LoginController.php (37).
[ 2016-01-27T15:47:52+08:00 ]NOTICE: Undefined index: goUrl/Applications/MAMP/htdocs/houdun/mogujie/App/Home/Controller/LoginController.php (37).
[ 2016-01-27T15:47:52+08:00 ]NOTICE: Undefined index: goUrl/Applications/MAMP/htdocs/houdun/mogujie/App/Home/Controller/LoginController.php (37).
[ 2016-01-27T15:47:53+08:00 ]NOTICE: Undefined index: goUrl/Applications/MAMP/htdocs/houdun/mogujie/App/Home/Controller/LoginController.php (37).
[ 2016-01-27T15:47:53+08:00 ]NOTICE: Undefined index: goUrl/Applications/MAMP/htdocs/houdun/mogujie/App/Home/Controller/LoginController.php (37).
[ 2016-01-27T15:47:53+08:00 ]NOTICE: Undefined index: goUrl/Applications/MAMP/htdocs/houdun/mogujie/App/Home/Controller/LoginController.php (37).
[ 2016-01-27T15:47:53+08:00 ]NOTICE: Undefined index: goUrl/Applications/MAMP/htdocs/houdun/mogujie/App/Home/Controller/LoginController.php (37).
[ 2016-01-27T15:47:53+08:00 ]NOTICE: Undefined index: goUrl/Applications/MAMP/htdocs/houdun/mogujie/App/Home/Controller/LoginController.php (37).
[ 2016-01-27T15:47:53+08:00 ]NOTICE: Undefined index: goUrl/Applications/MAMP/htdocs/houdun/mogujie/App/Home/Controller/LoginController.php (37).
[ 2016-01-27T15:47:53+08:00 ]NOTICE: Undefined index: goUrl/Applications/MAMP/htdocs/houdun/mogujie/App/Home/Controller/LoginController.php (37).
[ 2016-01-27T15:47:53+08:00 ]NOTICE: Undefined index: goUrl/Applications/MAMP/htdocs/houdun/mogujie/App/Home/Controller/LoginController.php (37).
[ 2016-01-27T15:47:53+08:00 ]NOTICE: Undefined index: goUrl/Applications/MAMP/htdocs/houdun/mogujie/App/Home/Controller/LoginController.php (37).
[ 2016-01-27T15:47:53+08:00 ]NOTICE: Undefined index: goUrl/Applications/MAMP/htdocs/houdun/mogujie/App/Home/Controller/LoginController.php (37).
[ 2016-01-27T15:47:53+08:00 ]NOTICE: Undefined index: goUrl/Applications/MAMP/htdocs/houdun/mogujie/App/Home/Controller/LoginController.php (37).
[ 2016-01-27T15:47:53+08:00 ]NOTICE: Undefined index: goUrl/Applications/MAMP/htdocs/houdun/mogujie/App/Home/Controller/LoginController.php (37).
[ 2016-01-27T15:47:53+08:00 ]NOTICE: Undefined index: goUrl/Applications/MAMP/htdocs/houdun/mogujie/App/Home/Controller/LoginController.php (37).
[ 2016-01-27T15:47:53+08:00 ]NOTICE: Undefined index: goUrl/Applications/MAMP/htdocs/houdun/mogujie/App/Home/Controller/LoginController.php (37).
[ 2016-01-27T15:47:53+08:00 ]NOTICE: Undefined index: goUrl/Applications/MAMP/htdocs/houdun/mogujie/App/Home/Controller/LoginController.php (37).
[ 2016-01-27T15:47:53+08:00 ]NOTICE: Undefined index: goUrl/Applications/MAMP/htdocs/houdun/mogujie/App/Home/Controller/LoginController.php (37).
[ 2016-01-27T15:47:53+08:00 ]NOTICE: Undefined index: goUrl/Applications/MAMP/htdocs/houdun/mogujie/App/Home/Controller/LoginController.php (37).
[ 2016-01-27T15:47:53+08:00 ]NOTICE: Undefined index: goUrl/Applications/MAMP/htdocs/houdun/mogujie/App/Home/Controller/LoginController.php (37).
[ 2016-01-27T15:47:53+08:00 ]NOTICE: Undefined index: goUrl/Applications/MAMP/htdocs/houdun/mogujie/App/Home/Controller/LoginController.php (37).
[ 2016-01-27T15:47:53+08:00 ]NOTICE: Undefined index: goUrl/Applications/MAMP/htdocs/houdun/mogujie/App/Home/Controller/LoginController.php (37).
[ 2016-01-27T16:28:24+08:00 ]NOTICE: Use of undefined constant urldan - assumed 'urldan'/Applications/MAMP/htdocs/houdun/mogujie/App/Home/Controller/LoginController.php (19).
[ 2016-01-27T16:39:04+08:00 ]NOTICE: Undefined variable: nums/Applications/MAMP/htdocs/houdun/mogujie/Storage/view/compile/2de049ed93926d6670b5e788c68c3e51.php (85).
[ 2016-01-27T16:39:04+08:00 ]NOTICE: Undefined variable: all_m/Applications/MAMP/htdocs/houdun/mogujie/Storage/view/compile/2de049ed93926d6670b5e788c68c3e51.php (155).
[ 2016-01-27T16:39:04+08:00 ]NOTICE: Undefined variable: nums/Applications/MAMP/htdocs/houdun/mogujie/Storage/view/compile/2de049ed93926d6670b5e788c68c3e51.php (157).
[ 2016-01-27T16:40:34+08:00 ]NOTICE: Undefined variable: nums/Applications/MAMP/htdocs/houdun/mogujie/Storage/view/compile/2de049ed93926d6670b5e788c68c3e51.php (85).
[ 2016-01-27T16:40:34+08:00 ]NOTICE: Undefined variable: all_m/Applications/MAMP/htdocs/houdun/mogujie/Storage/view/compile/2de049ed93926d6670b5e788c68c3e51.php (155).
[ 2016-01-27T16:40:34+08:00 ]NOTICE: Undefined variable: nums/Applications/MAMP/htdocs/houdun/mogujie/Storage/view/compile/2de049ed93926d6670b5e788c68c3e51.php (157).
[ 2016-01-27T16:43:14+08:00 ]NOTICE: Undefined variable: nums/Applications/MAMP/htdocs/houdun/mogujie/Storage/view/compile/2de049ed93926d6670b5e788c68c3e51.php (85).
[ 2016-01-27T16:43:14+08:00 ]NOTICE: Undefined variable: all_m/Applications/MAMP/htdocs/houdun/mogujie/Storage/view/compile/2de049ed93926d6670b5e788c68c3e51.php (155).
[ 2016-01-27T16:43:14+08:00 ]NOTICE: Undefined variable: nums/Applications/MAMP/htdocs/houdun/mogujie/Storage/view/compile/2de049ed93926d6670b5e788c68c3e51.php (157).
[ 2016-01-27T16:43:51+08:00 ]NOTICE: Undefined variable: nums/Applications/MAMP/htdocs/houdun/mogujie/Storage/view/compile/2de049ed93926d6670b5e788c68c3e51.php (85).
[ 2016-01-27T16:43:51+08:00 ]NOTICE: Undefined variable: all_m/Applications/MAMP/htdocs/houdun/mogujie/Storage/view/compile/2de049ed93926d6670b5e788c68c3e51.php (155).
[ 2016-01-27T16:43:51+08:00 ]NOTICE: Undefined variable: nums/Applications/MAMP/htdocs/houdun/mogujie/Storage/view/compile/2de049ed93926d6670b5e788c68c3e51.php (157).
[ 2016-01-27T16:43:59+08:00 ]NOTICE: Undefined variable: nums/Applications/MAMP/htdocs/houdun/mogujie/Storage/view/compile/2de049ed93926d6670b5e788c68c3e51.php (80).
[ 2016-01-27T16:43:59+08:00 ]NOTICE: Undefined variable: all_m/Applications/MAMP/htdocs/houdun/mogujie/Storage/view/compile/2de049ed93926d6670b5e788c68c3e51.php (150).
[ 2016-01-27T16:43:59+08:00 ]NOTICE: Undefined variable: nums/Applications/MAMP/htdocs/houdun/mogujie/Storage/view/compile/2de049ed93926d6670b5e788c68c3e51.php (152).
[ 2016-01-27T16:44:23+08:00 ]NOTICE: Undefined variable: nums/Applications/MAMP/htdocs/houdun/mogujie/Storage/view/compile/2de049ed93926d6670b5e788c68c3e51.php (85).
[ 2016-01-27T16:44:23+08:00 ]NOTICE: Undefined variable: all_m/Applications/MAMP/htdocs/houdun/mogujie/Storage/view/compile/2de049ed93926d6670b5e788c68c3e51.php (155).
[ 2016-01-27T16:44:23+08:00 ]NOTICE: Undefined variable: nums/Applications/MAMP/htdocs/houdun/mogujie/Storage/view/compile/2de049ed93926d6670b5e788c68c3e51.php (157).
[ 2016-01-27T18:14:46+08:00 ]NOTICE: Undefined variable: nums/Applications/MAMP/htdocs/houdun/mogujie/Storage/view/compile/2de049ed93926d6670b5e788c68c3e51.php (103).
[ 2016-01-27T18:14:46+08:00 ]NOTICE: Undefined variable: all_m/Applications/MAMP/htdocs/houdun/mogujie/Storage/view/compile/2de049ed93926d6670b5e788c68c3e51.php (173).
[ 2016-01-27T18:14:46+08:00 ]NOTICE: Undefined variable: nums/Applications/MAMP/htdocs/houdun/mogujie/Storage/view/compile/2de049ed93926d6670b5e788c68c3e51.php (175).
[ 2016-01-27T19:42:11+08:00 ]NOTICE: Undefined variable: nums/Applications/MAMP/htdocs/houdun/mogujie/Storage/view/compile/2de049ed93926d6670b5e788c68c3e51.php (103).
[ 2016-01-27T19:42:11+08:00 ]NOTICE: Undefined variable: all_m/Applications/MAMP/htdocs/houdun/mogujie/Storage/view/compile/2de049ed93926d6670b5e788c68c3e51.php (173).
[ 2016-01-27T19:42:11+08:00 ]NOTICE: Undefined variable: nums/Applications/MAMP/htdocs/houdun/mogujie/Storage/view/compile/2de049ed93926d6670b5e788c68c3e51.php (175).
[ 2016-01-27T23:52:33+08:00 ]NOTICE: Undefined variable: nums/Applications/MAMP/htdocs/houdun/mogujie/Storage/view/compile/2de049ed93926d6670b5e788c68c3e51.php (128).
[ 2016-01-27T23:52:33+08:00 ]NOTICE: Undefined variable: all_m/Applications/MAMP/htdocs/houdun/mogujie/Storage/view/compile/2de049ed93926d6670b5e788c68c3e51.php (199).
[ 2016-01-27T23:52:33+08:00 ]NOTICE: Undefined variable: nums/Applications/MAMP/htdocs/houdun/mogujie/Storage/view/compile/2de049ed93926d6670b5e788c68c3e51.php (201).
