[ 2016-01-28T01:53:10+08:00 ]NOTICE: Undefined variable: nums/Applications/MAMP/htdocs/houdun/mogujie/Storage/view/compile/2de049ed93926d6670b5e788c68c3e51.php (147).
[ 2016-01-28T01:53:10+08:00 ]NOTICE: Undefined variable: all_m/Applications/MAMP/htdocs/houdun/mogujie/Storage/view/compile/2de049ed93926d6670b5e788c68c3e51.php (219).
[ 2016-01-28T01:53:10+08:00 ]NOTICE: Undefined variable: nums/Applications/MAMP/htdocs/houdun/mogujie/Storage/view/compile/2de049ed93926d6670b5e788c68c3e51.php (221).
[ 2016-01-28T09:00:01+08:00 ]NOTICE: Undefined variable: nums/Applications/MAMP/htdocs/houdun/mogujie/Storage/view/compile/2de049ed93926d6670b5e788c68c3e51.php (147).
[ 2016-01-28T09:00:01+08:00 ]NOTICE: Undefined variable: all_m/Applications/MAMP/htdocs/houdun/mogujie/Storage/view/compile/2de049ed93926d6670b5e788c68c3e51.php (219).
[ 2016-01-28T09:00:01+08:00 ]NOTICE: Undefined variable: nums/Applications/MAMP/htdocs/houdun/mogujie/Storage/view/compile/2de049ed93926d6670b5e788c68c3e51.php (221).
[ 2016-01-28T09:40:21+08:00 ]NOTICE: Undefined variable: SERVER/Applications/MAMP/htdocs/houdun/mogujie/App/Home/Controller/LoginController.php (43).
[ 2016-01-28T09:56:17+08:00 ]NOTICE: Undefined index: reg_url/Applications/MAMP/htdocs/houdun/mogujie/App/Home/Controller/LoginController.php (31).
[ 2016-01-28T10:55:10+08:00 ]NOTICE: Undefined variable: nums/Applications/MAMP/htdocs/houdun/mogujie/Storage/view/compile/2de049ed93926d6670b5e788c68c3e51.php (163).
[ 2016-01-28T10:55:10+08:00 ]NOTICE: Undefined variable: all_m/Applications/MAMP/htdocs/houdun/mogujie/Storage/view/compile/2de049ed93926d6670b5e788c68c3e51.php (235).
[ 2016-01-28T10:55:10+08:00 ]NOTICE: Undefined variable: nums/Applications/MAMP/htdocs/houdun/mogujie/Storage/view/compile/2de049ed93926d6670b5e788c68c3e51.php (237).
[ 2016-01-28T10:57:16+08:00 ]NOTICE: Undefined variable: nums/Applications/MAMP/htdocs/houdun/mogujie/Storage/view/compile/2de049ed93926d6670b5e788c68c3e51.php (163).
[ 2016-01-28T10:57:16+08:00 ]NOTICE: Undefined variable: all_m/Applications/MAMP/htdocs/houdun/mogujie/Storage/view/compile/2de049ed93926d6670b5e788c68c3e51.php (235).
[ 2016-01-28T10:57:16+08:00 ]NOTICE: Undefined variable: nums/Applications/MAMP/htdocs/houdun/mogujie/Storage/view/compile/2de049ed93926d6670b5e788c68c3e51.php (237).
[ 2016-01-28T11:02:07+08:00 ]NOTICE: Undefined variable: nums/Applications/MAMP/htdocs/houdun/mogujie/Storage/view/compile/2de049ed93926d6670b5e788c68c3e51.php (163).
[ 2016-01-28T11:02:07+08:00 ]NOTICE: Undefined variable: all_m/Applications/MAMP/htdocs/houdun/mogujie/Storage/view/compile/2de049ed93926d6670b5e788c68c3e51.php (235).
[ 2016-01-28T11:02:07+08:00 ]NOTICE: Undefined variable: nums/Applications/MAMP/htdocs/houdun/mogujie/Storage/view/compile/2de049ed93926d6670b5e788c68c3e51.php (237).
[ 2016-01-28T11:02:57+08:00 ]NOTICE: Undefined variable: nums/Applications/MAMP/htdocs/houdun/mogujie/Storage/view/compile/2de049ed93926d6670b5e788c68c3e51.php (163).
[ 2016-01-28T11:02:57+08:00 ]NOTICE: Undefined variable: all_m/Applications/MAMP/htdocs/houdun/mogujie/Storage/view/compile/2de049ed93926d6670b5e788c68c3e51.php (235).
[ 2016-01-28T11:02:57+08:00 ]NOTICE: Undefined variable: nums/Applications/MAMP/htdocs/houdun/mogujie/Storage/view/compile/2de049ed93926d6670b5e788c68c3e51.php (237).
[ 2016-01-28T11:28:33+08:00 ]NOTICE: Undefined variable: all_m/Applications/MAMP/htdocs/houdun/mogujie/Storage/view/compile/efa74581468cdb732c04dcf009fc01a9.php (209).
[ 2016-01-28T11:28:33+08:00 ]NOTICE: Undefined variable: nums/Applications/MAMP/htdocs/houdun/mogujie/Storage/view/compile/efa74581468cdb732c04dcf009fc01a9.php (211).
[ 2016-01-28T11:28:56+08:00 ]NOTICE: Undefined variable: all_m/Applications/MAMP/htdocs/houdun/mogujie/Storage/view/compile/efa74581468cdb732c04dcf009fc01a9.php (209).
[ 2016-01-28T11:28:56+08:00 ]NOTICE: Undefined variable: nums/Applications/MAMP/htdocs/houdun/mogujie/Storage/view/compile/efa74581468cdb732c04dcf009fc01a9.php (211).
[ 2016-01-28T11:29:19+08:00 ]NOTICE: Undefined variable: all_m/Applications/MAMP/htdocs/houdun/mogujie/Storage/view/compile/efa74581468cdb732c04dcf009fc01a9.php (209).
[ 2016-01-28T11:29:19+08:00 ]NOTICE: Undefined variable: nums/Applications/MAMP/htdocs/houdun/mogujie/Storage/view/compile/efa74581468cdb732c04dcf009fc01a9.php (211).
[ 2016-01-28T11:29:37+08:00 ]NOTICE: Undefined variable: all_m/Applications/MAMP/htdocs/houdun/mogujie/Storage/view/compile/efa74581468cdb732c04dcf009fc01a9.php (209).
[ 2016-01-28T11:29:37+08:00 ]NOTICE: Undefined variable: nums/Applications/MAMP/htdocs/houdun/mogujie/Storage/view/compile/efa74581468cdb732c04dcf009fc01a9.php (211).
[ 2016-01-28T11:29:50+08:00 ]NOTICE: Undefined variable: all_m/Applications/MAMP/htdocs/houdun/mogujie/Storage/view/compile/efa74581468cdb732c04dcf009fc01a9.php (209).
[ 2016-01-28T11:29:50+08:00 ]NOTICE: Undefined variable: nums/Applications/MAMP/htdocs/houdun/mogujie/Storage/view/compile/efa74581468cdb732c04dcf009fc01a9.php (211).
[ 2016-01-28T11:29:56+08:00 ]NOTICE: Undefined variable: all_m/Applications/MAMP/htdocs/houdun/mogujie/Storage/view/compile/efa74581468cdb732c04dcf009fc01a9.php (209).
[ 2016-01-28T11:29:56+08:00 ]NOTICE: Undefined variable: nums/Applications/MAMP/htdocs/houdun/mogujie/Storage/view/compile/efa74581468cdb732c04dcf009fc01a9.php (211).
[ 2016-01-28T11:31:11+08:00 ]EXCEPTION: Method Home\Controller\CartController::confirm() does not exist
[ 2016-01-28T11:31:16+08:00 ]NOTICE: Undefined variable: all_m/Applications/MAMP/htdocs/houdun/mogujie/Storage/view/compile/6602c81eda77944caaa4d4fba74af8b8.php (209).
[ 2016-01-28T11:31:16+08:00 ]NOTICE: Undefined variable: nums/Applications/MAMP/htdocs/houdun/mogujie/Storage/view/compile/6602c81eda77944caaa4d4fba74af8b8.php (211).
[ 2016-01-28T11:32:02+08:00 ]NOTICE: Undefined variable: all_m/Applications/MAMP/htdocs/houdun/mogujie/Storage/view/compile/6602c81eda77944caaa4d4fba74af8b8.php (210).
[ 2016-01-28T11:32:02+08:00 ]NOTICE: Undefined variable: nums/Applications/MAMP/htdocs/houdun/mogujie/Storage/view/compile/6602c81eda77944caaa4d4fba74af8b8.php (212).
[ 2016-01-28T11:33:13+08:00 ]EXCEPTION: Method Home\Controller\CartController::conf() does not exist
[ 2016-01-28T14:08:44+08:00 ]NOTICE: Undefined variable: all_m/Applications/MAMP/htdocs/houdun/mogujie/Storage/view/compile/efa74581468cdb732c04dcf009fc01a9.php (197).
[ 2016-01-28T14:08:44+08:00 ]NOTICE: Undefined variable: nums/Applications/MAMP/htdocs/houdun/mogujie/Storage/view/compile/efa74581468cdb732c04dcf009fc01a9.php (199).
[ 2016-01-28T14:35:18+08:00 ]NOTICE: Undefined variable: nums/Applications/MAMP/htdocs/houdun/mogujie/Storage/view/compile/2de049ed93926d6670b5e788c68c3e51.php (166).
[ 2016-01-28T14:35:18+08:00 ]NOTICE: Undefined variable: all_m/Applications/MAMP/htdocs/houdun/mogujie/Storage/view/compile/2de049ed93926d6670b5e788c68c3e51.php (238).
[ 2016-01-28T14:35:18+08:00 ]NOTICE: Undefined variable: nums/Applications/MAMP/htdocs/houdun/mogujie/Storage/view/compile/2de049ed93926d6670b5e788c68c3e51.php (240).
[ 2016-01-28T14:41:11+08:00 ]NOTICE: Undefined variable: nums/Applications/MAMP/htdocs/houdun/mogujie/Storage/view/compile/2de049ed93926d6670b5e788c68c3e51.php (161).
[ 2016-01-28T14:41:11+08:00 ]NOTICE: Undefined variable: all_m/Applications/MAMP/htdocs/houdun/mogujie/Storage/view/compile/2de049ed93926d6670b5e788c68c3e51.php (233).
[ 2016-01-28T14:41:11+08:00 ]NOTICE: Undefined variable: nums/Applications/MAMP/htdocs/houdun/mogujie/Storage/view/compile/2de049ed93926d6670b5e788c68c3e51.php (235).
[ 2016-01-28T14:41:28+08:00 ]NOTICE: Undefined variable: nums/Applications/MAMP/htdocs/houdun/mogujie/Storage/view/compile/2de049ed93926d6670b5e788c68c3e51.php (166).
[ 2016-01-28T14:41:28+08:00 ]NOTICE: Undefined variable: all_m/Applications/MAMP/htdocs/houdun/mogujie/Storage/view/compile/2de049ed93926d6670b5e788c68c3e51.php (238).
[ 2016-01-28T14:41:28+08:00 ]NOTICE: Undefined variable: nums/Applications/MAMP/htdocs/houdun/mogujie/Storage/view/compile/2de049ed93926d6670b5e788c68c3e51.php (240).
[ 2016-01-28T14:41:42+08:00 ]NOTICE: Undefined index: HTTP_REFERER/Applications/MAMP/htdocs/houdun/mogujie/App/Home/Controller/CartController.php (22).
[ 2016-01-28T14:41:42+08:00 ]NOTICE: Undefined variable: nums/Applications/MAMP/htdocs/houdun/mogujie/Storage/view/compile/2de049ed93926d6670b5e788c68c3e51.php (166).
[ 2016-01-28T14:41:42+08:00 ]NOTICE: Undefined variable: all_m/Applications/MAMP/htdocs/houdun/mogujie/Storage/view/compile/2de049ed93926d6670b5e788c68c3e51.php (238).
[ 2016-01-28T14:41:42+08:00 ]NOTICE: Undefined variable: nums/Applications/MAMP/htdocs/houdun/mogujie/Storage/view/compile/2de049ed93926d6670b5e788c68c3e51.php (240).
[ 2016-01-28T14:43:23+08:00 ]NOTICE: Undefined index: HTTP_REFERER/Applications/MAMP/htdocs/houdun/mogujie/App/Home/Controller/CartController.php (22).
[ 2016-01-28T14:43:23+08:00 ]NOTICE: Undefined variable: nums/Applications/MAMP/htdocs/houdun/mogujie/Storage/view/compile/2de049ed93926d6670b5e788c68c3e51.php (166).
[ 2016-01-28T14:43:23+08:00 ]NOTICE: Undefined variable: all_m/Applications/MAMP/htdocs/houdun/mogujie/Storage/view/compile/2de049ed93926d6670b5e788c68c3e51.php (238).
[ 2016-01-28T14:43:23+08:00 ]NOTICE: Undefined variable: nums/Applications/MAMP/htdocs/houdun/mogujie/Storage/view/compile/2de049ed93926d6670b5e788c68c3e51.php (240).
[ 2016-01-28T14:44:17+08:00 ]NOTICE: Undefined variable: nums/Applications/MAMP/htdocs/houdun/mogujie/Storage/view/compile/2de049ed93926d6670b5e788c68c3e51.php (166).
[ 2016-01-28T14:44:17+08:00 ]NOTICE: Undefined variable: all_m/Applications/MAMP/htdocs/houdun/mogujie/Storage/view/compile/2de049ed93926d6670b5e788c68c3e51.php (238).
[ 2016-01-28T14:44:17+08:00 ]NOTICE: Undefined variable: nums/Applications/MAMP/htdocs/houdun/mogujie/Storage/view/compile/2de049ed93926d6670b5e788c68c3e51.php (240).
[ 2016-01-28T14:44:29+08:00 ]NOTICE: Undefined index: HTTP_REFERER/Applications/MAMP/htdocs/houdun/mogujie/App/Home/Controller/CartController.php (82).
[ 2016-01-28T14:44:29+08:00 ]NOTICE: Undefined variable: nums/Applications/MAMP/htdocs/houdun/mogujie/Storage/view/compile/2de049ed93926d6670b5e788c68c3e51.php (166).
[ 2016-01-28T14:44:29+08:00 ]NOTICE: Undefined variable: all_m/Applications/MAMP/htdocs/houdun/mogujie/Storage/view/compile/2de049ed93926d6670b5e788c68c3e51.php (238).
[ 2016-01-28T14:44:29+08:00 ]NOTICE: Undefined variable: nums/Applications/MAMP/htdocs/houdun/mogujie/Storage/view/compile/2de049ed93926d6670b5e788c68c3e51.php (240).
[ 2016-01-28T14:44:34+08:00 ]NOTICE: Undefined variable: nums/Applications/MAMP/htdocs/houdun/mogujie/Storage/view/compile/2de049ed93926d6670b5e788c68c3e51.php (161).
[ 2016-01-28T14:44:34+08:00 ]NOTICE: Undefined variable: all_m/Applications/MAMP/htdocs/houdun/mogujie/Storage/view/compile/2de049ed93926d6670b5e788c68c3e51.php (233).
[ 2016-01-28T14:44:34+08:00 ]NOTICE: Undefined variable: nums/Applications/MAMP/htdocs/houdun/mogujie/Storage/view/compile/2de049ed93926d6670b5e788c68c3e51.php (235).
[ 2016-01-28T17:56:22+08:00 ]NOTICE: Undefined variable: nums/Applications/MAMP/htdocs/houdun/mogujie/Storage/view/compile/2de049ed93926d6670b5e788c68c3e51.php (166).
[ 2016-01-28T17:56:22+08:00 ]NOTICE: Undefined variable: all_m/Applications/MAMP/htdocs/houdun/mogujie/Storage/view/compile/2de049ed93926d6670b5e788c68c3e51.php (238).
[ 2016-01-28T17:56:22+08:00 ]NOTICE: Undefined variable: nums/Applications/MAMP/htdocs/houdun/mogujie/Storage/view/compile/2de049ed93926d6670b5e788c68c3e51.php (240).
[ 2016-01-28T17:56:51+08:00 ]NOTICE: Undefined variable: nums/Applications/MAMP/htdocs/houdun/mogujie/Storage/view/compile/2de049ed93926d6670b5e788c68c3e51.php (161).
[ 2016-01-28T17:56:51+08:00 ]NOTICE: Undefined variable: all_m/Applications/MAMP/htdocs/houdun/mogujie/Storage/view/compile/2de049ed93926d6670b5e788c68c3e51.php (233).
[ 2016-01-28T17:56:51+08:00 ]NOTICE: Undefined variable: nums/Applications/MAMP/htdocs/houdun/mogujie/Storage/view/compile/2de049ed93926d6670b5e788c68c3e51.php (235).
[ 2016-01-28T21:56:57+08:00 ]NOTICE: Undefined index: pcs/Applications/MAMP/htdocs/houdun/mogujie/App/Home/Controller/CartController.php (123).
[ 2016-01-28T21:56:57+08:00 ]EXCEPTION: INSERT INTO address (`pca`,`postcode`,`street_add`,`receipt_name`,`phone_number`)VALUES(?,?,?,?,?) ;BindParams:array (
  0 => NULL,
  1 => '435',
  2 => 'ghnghjntgnghnghnghmn',
  3 => 'hghngh',
  4 => 'nghn',
)23000;1048;Column 'pca' cannot be null
[ 2016-01-28T22:00:23+08:00 ]NOTICE: Undefined index: pcs/Applications/MAMP/htdocs/houdun/mogujie/App/Home/Controller/CartController.php (123).
[ 2016-01-28T22:00:23+08:00 ]EXCEPTION: INSERT INTO address (`pca`,`postcode`,`street_add`,`receipt_name`,`phone_number`)VALUES(?,?,?,?,?) ;BindParams:array (
  0 => NULL,
  1 => '56',
  2 => 'fghfghfghfgh56756757567',
  3 => '56',
  4 => '57656',
)23000;1048;Column 'pca' cannot be null
[ 2016-01-28T22:04:42+08:00 ]NOTICE: Undefined index: pcs/Applications/MAMP/htdocs/houdun/mogujie/App/Home/Controller/CartController.php (123).
[ 2016-01-28T22:06:28+08:00 ]NOTICE: Undefined index: pcs/Applications/MAMP/htdocs/houdun/mogujie/App/Home/Controller/CartController.php (130).
